MSBuild version 17.14.51+25f168cee for .NET Framework

  1>Checking Build System
  Building Custom Rule D:/a/kotek/kotek/src/kotek.core.defines.static.cpp/CMakeLists.txt
  main_core_defines_static_cpp_dll.cpp
  kotek.core.defines.static.cpp.vcxproj -> D:\a\kotek\kotek\build\src\kotek.core.defines.static.cpp\Debug\kotek.core.defines.static.cpp.lib
  Building Custom Rule D:/a/kotek/kotek/src/kotek.core.types.numerics/CMakeLists.txt
  Building Custom Rule D:/a/kotek/kotek/src/kotek.core.defines.static.render.dx/CMakeLists.txt
  Building Custom Rule D:/a/kotek/kotek/src/kotek.core.containers.hash/CMakeLists.txt
  Building Custom Rule D:/a/kotek/kotek/src/kotek.core.defines.static.os.win32/CMakeLists.txt
  Building Custom Rule D:/a/kotek/kotek/src/kotek.core.containers.any/CMakeLists.txt
  Building Custom Rule D:/a/kotek/kotek/src/kotek.core.constants.window/CMakeLists.txt
  Building Custom Rule D:/a/kotek/kotek/src/kotek.core.defines.static.render.bgfx/CMakeLists.txt
  Building Custom Rule D:/a/kotek/kotek/src/kotek.core.defines.static.render.gl/CMakeLists.txt
  Building Custom Rule D:/a/kotek/kotek/src/kotek.core.defines.static.string/CMakeLists.txt
  Building Custom Rule D:/a/kotek/kotek/src/kotek.core.containers.function/CMakeLists.txt
  Building Custom Rule D:/a/kotek/kotek/src/kotek.core.constants.render/CMakeLists.txt
  Building Custom Rule D:/a/kotek/kotek/src/kotek.core.containers.shared_ptr/CMakeLists.txt
  Building Custom Rule D:/a/kotek/kotek/src/kotek.core.defines.static.render.vk/CMakeLists.txt
  main_core_defines_static_render_vk_dll.cpp
  main_core_containers_shared_ptr_dll.cpp
  main_core_containers_function_dll.cpp
  main_core_defines_static_render_bgfx_dll.cpp
  main_core_constants_render_dll.cpp
  main_core_defines_static_string_dll.cpp
  main_core_constants_window_dll.cpp
  kotek.core.defines.static.render.bgfx.vcxproj -> D:\a\kotek\kotek\build\src\kotek.core.defines.static.render.bgfx\Debug\kotek.core.defines.static.render.bgfx.lib
  kotek.core.constants.render.vcxproj -> D:\a\kotek\kotek\build\src\kotek.core.constants.render\Debug\kotek.core.constants.render.lib
  kotek.core.constants.window.vcxproj -> D:\a\kotek\kotek\build\src\kotek.core.constants.window\Debug\kotek.core.constants.window.lib
  kotek.core.defines.static.string.vcxproj -> D:\a\kotek\kotek\build\src\kotek.core.defines.static.string\Debug\kotek.core.defines.static.string.lib
  kotek.core.defines.static.render.vk.vcxproj -> D:\a\kotek\kotek\build\src\kotek.core.defines.static.render.vk\Debug\kotek.core.defines.static.render.vk.lib
  main_core_defines_static_render_gl_dll.cpp
  main_core_defines_static_render_dx_dll.cpp
  main_core_containers_any_dll.cpp
  main_core_containers_hash_dll.cpp
  main_core_numerics_dll.cpp
  kotek.core.defines.static.render.gl.vcxproj -> D:\a\kotek\kotek\build\src\kotek.core.defines.static.render.gl\Debug\kotek.core.defines.static.render.gl.lib
  main_core_defines_static_os_win32_dll.cpp
  kotek.core.containers.hash.vcxproj -> D:\a\kotek\kotek\build\src\kotek.core.containers.hash\Debug\kotek.core.containers.hash.lib
  kotek.core.defines.static.render.dx.vcxproj -> D:\a\kotek\kotek\build\src\kotek.core.defines.static.render.dx\Debug\kotek.core.defines.static.render.dx.lib
  kotek.core.defines.static.os.win32.vcxproj -> D:\a\kotek\kotek\build\src\kotek.core.defines.static.os.win32\Debug\kotek.core.defines.static.os.win32.lib
  Building Custom Rule D:/a/kotek/kotek/src/kotek.core.defines.static.os/CMakeLists.txt
  Building Custom Rule D:/a/kotek/kotek/src/kotek.core.containers.multithreading.atomic/CMakeLists.txt
  main_core_defines_static_os_dll.cpp
  main_core_containers_multithreading_atomic_dll.cpp
  kotek.core.defines.static.os.vcxproj -> D:\a\kotek\kotek\build\src\kotek.core.defines.static.os\Debug\kotek.core.defines.static.os.lib
  kotek.core.containers.any.vcxproj -> D:\a\kotek\kotek\build\src\kotek.core.containers.any\Debug\kotek.core.containers.any.lib
  Building Custom Rule D:/a/kotek/kotek/src/kotek.core.containers.multithreading.condition_variable/CMakeLists.txt
  Building Custom Rule D:/a/kotek/kotek/src/kotek.core.containers.multithreading.mutex/CMakeLists.txt
  main_core_containers_multithreading_condition_variable_dll.cpp
  main_core_containers_multithreading_mutex_dll.cpp
  kotek.core.containers.shared_ptr.vcxproj -> D:\a\kotek\kotek\build\src\kotek.core.containers.shared_ptr\Debug\kotek.core.containers.shared_ptr.lib
  kotek.core.containers.function.vcxproj -> D:\a\kotek\kotek\build\src\kotek.core.containers.function\Debug\kotek.core.containers.function.lib
  kotek.core.containers.multithreading.atomic.vcxproj -> D:\a\kotek\kotek\build\src\kotek.core.containers.multithreading.atomic\Debug\kotek.core.containers.multithreading.atomic.lib
  Building Custom Rule D:/a/kotek/kotek/src/kotek.core.containers.multithreading.semaphore/CMakeLists.txt
  Building Custom Rule D:/a/kotek/kotek/src/kotek.core.containers.multithreading.shared_mutex/CMakeLists.txt
  Building Custom Rule D:/a/kotek/kotek/src/kotek.core.containers.microsoft.wrl.comptr/CMakeLists.txt
  main_core_containers_multithreading_semaphore_dll.cpp
  main_core_containers_multithreading_shared_mutex_dll.cpp
  Building Custom Rule D:/a/kotek/kotek/src/kotek.core.defines_dependent.text/CMakeLists.txt
  Building Custom Rule D:/a/kotek/kotek/src/kotek.core.types.char/CMakeLists.txt
  kotek.core.containers.multithreading.condition_variable.vcxproj -> D:\a\kotek\kotek\build\src\kotek.core.containers.multithreading.condition_variable\Debug\kotek.core.containers.multithreading.condition_variable.lib
  Building Custom Rule D:/a/kotek/kotek/src/kotek.core.containers.multithreading.tbb/CMakeLists.txt
  kotek.core.containers.multithreading.mutex.vcxproj -> D:\a\kotek\kotek\build\src\kotek.core.containers.multithreading.mutex\Debug\kotek.core.containers.multithreading.mutex.lib
  main_core_containers_multithreading_tbb_dll.cpp
  Building Custom Rule D:/a/kotek/kotek/src/kotek.core.containers.multithreading.thread/CMakeLists.txt
  main_core_containers_microsoft_wrl_comptr_dll.cpp
  kotek.core.types.numerics.vcxproj -> D:\a\kotek\kotek\build\src\kotek.core.types.numerics\Debug\kotek.core.types.numerics.lib
  Building Custom Rule D:/a/kotek/kotek/src/kotek.core.constants.ecs/CMakeLists.txt
  Building Custom Rule D:/a/kotek/kotek/src/kotek.core.enum.render.vk/CMakeLists.txt
  main_core_containers_multithreading_thread_dll.cpp
  Building Custom Rule D:/a/kotek/kotek/src/kotek.core.constants.math/CMakeLists.txt
  kotek.core.containers.multithreading.shared_mutex.vcxproj -> D:\a\kotek\kotek\build\src\kotek.core.containers.multithreading.shared_mutex\Debug\kotek.core.containers.multithreading.shared_mutex.lib
  kotek.core.containers.multithreading.semaphore.vcxproj -> D:\a\kotek\kotek\build\src\kotek.core.containers.multithreading.semaphore\Debug\kotek.core.containers.multithreading.semaphore.lib
  main_core_constants_ecs_dll.cpp
  Building Custom Rule D:/a/kotek/kotek/src/kotek.core.containers.array/CMakeLists.txt
  main_core_constants_math_dll.cpp
  main_core_containers_array_dll.cpp
  main_core_enum_render_vk_dll.cpp
  kotek.core.containers.microsoft.wrl.comptr.vcxproj -> D:\a\kotek\kotek\build\src\kotek.core.containers.microsoft.wrl.comptr\Debug\kotek.core.containers.microsoft.wrl.comptr.lib
  kotek.core.constants.math.vcxproj -> D:\a\kotek\kotek\build\src\kotek.core.constants.math\Debug\kotek.core.constants.math.lib
  kotek.core.constants.ecs.vcxproj -> D:\a\kotek\kotek\build\src\kotek.core.constants.ecs\Debug\kotek.core.constants.ecs.lib
  kotek.core.containers.multithreading.thread.vcxproj -> D:\a\kotek\kotek\build\src\kotek.core.containers.multithreading.thread\Debug\kotek.core.containers.multithreading.thread.lib
  Building Custom Rule D:/a/kotek/kotek/src/kotek.core.containers.pair/CMakeLists.txt
  Building Custom Rule D:/a/kotek/kotek/src/kotek.core.defines.static.render/CMakeLists.txt
  Building Custom Rule D:/a/kotek/kotek/src/kotek.core.enum.render.dx/CMakeLists.txt
  main_core_containers_pair_dll.cpp
  Building Custom Rule D:/a/kotek/kotek/src/kotek.core.containers.unique_ptr/CMakeLists.txt
  kotek.core.containers.array.vcxproj -> D:\a\kotek\kotek\build\src\kotek.core.containers.array\Debug\kotek.core.containers.array.lib
  Building Custom Rule D:/a/kotek/kotek/src/kotek.core.containers.variant/CMakeLists.txt
  main_core_defines_dependent_text_dll.cpp
  main_core_types_char_dll.cpp
  main_core_containers_unique_ptr_dll.cpp
  main_core_containers_variant_dll.cpp
  kotek.core.types.char.vcxproj -> D:\a\kotek\kotek\build\src\kotek.core.types.char\Debug\kotek.core.types.char.lib
  kotek.core.containers.pair.vcxproj -> D:\a\kotek\kotek\build\src\kotek.core.containers.pair\Debug\kotek.core.containers.pair.lib
  main_core_enum_render_dx_dll.cpp
  kotek.core.enum.render.vk.vcxproj -> D:\a\kotek\kotek\build\src\kotek.core.enum.render.vk\Debug\kotek.core.enum.render.vk.lib
  kotek.core.defines_dependent.text.vcxproj -> D:\a\kotek\kotek\build\src\kotek.core.defines_dependent.text\Debug\kotek.core.defines_dependent.text.lib
  Building Custom Rule D:/a/kotek/kotek/src/kotek.core.containers.microsoft/CMakeLists.txt
  kotek.core.containers.multithreading.tbb.vcxproj -> D:\a\kotek\kotek\build\src\kotek.core.containers.multithreading.tbb\Debug\kotek.core.containers.multithreading.tbb.lib
  Building Custom Rule D:/a/kotek/kotek/src/kotek.core.defines.static.git/CMakeLists.txt
  Building Custom Rule D:/a/kotek/kotek/src/kotek.core.defines.static.math/CMakeLists.txt
  Building Custom Rule D:/a/kotek/kotek/src/kotek.core.defines.static.profilers/CMakeLists.txt
  main_core_defines_static_git_dll.cpp
  main_core_defines_static_math_dll.cpp
  kotek.core.containers.unique_ptr.vcxproj -> D:\a\kotek\kotek\build\src\kotek.core.containers.unique_ptr\Debug\kotek.core.containers.unique_ptr.lib
  main_core_defines_static_profilers_dll.cpp
  Building Custom Rule D:/a/kotek/kotek/src/kotek.core.defines.static.sdk/CMakeLists.txt
  kotek.core.defines.static.git.vcxproj -> D:\a\kotek\kotek\build\src\kotek.core.defines.static.git\Debug\kotek.core.defines.static.git.lib
  kotek.core.defines.static.math.vcxproj -> D:\a\kotek\kotek\build\src\kotek.core.defines.static.math\Debug\kotek.core.defines.static.math.lib
  kotek.core.defines.static.profilers.vcxproj -> D:\a\kotek\kotek\build\src\kotek.core.defines.static.profilers\Debug\kotek.core.defines.static.profilers.lib
  Building Custom Rule D:/a/kotek/kotek/src/kotek.core.defines.static.tests/CMakeLists.txt
  main_core_defines_static_sdk_dll.cpp
  main_core_containers_microsoft_dll.cpp
  main_core_defines_static_tests_dll.cpp
  Building Custom Rule D:/a/kotek/kotek/src/kotek.core/tests/kotek.core.tests.plugin/CMakeLists.txt
  kotek.core.defines.static.sdk.vcxproj -> D:\a\kotek\kotek\build\src\kotek.core.defines.static.sdk\Debug\kotek.core.defines.static.sdk.lib
  kotek.core.defines.static.tests.vcxproj -> D:\a\kotek\kotek\build\src\kotek.core.defines.static.tests\Debug\kotek.core.defines.static.tests.lib
  Building Custom Rule D:/a/kotek/kotek/src/kotek.core.containers.io/CMakeLists.txt
  Building Custom Rule D:/a/kotek/kotek/src/kotek.core.defines.static.os.linux/CMakeLists.txt
  plugin_override_double.cpp
  main_core_defines_render_dll.cpp
  main_core_defines_static_os_linux_dll.cpp
  kotek.core.containers.variant.vcxproj -> D:\a\kotek\kotek\build\src\kotek.core.containers.variant\Debug\kotek.core.containers.variant.lib
  Building Custom Rule D:/a/kotek/kotek/src/kotek.core.constants.string/CMakeLists.txt
  kotek.core.containers.microsoft.vcxproj -> D:\a\kotek\kotek\build\src\kotek.core.containers.microsoft\Debug\kotek.core.containers.microsoft.lib
     Creating library D:/a/kotek/kotek/build/src/kotek.core/tests/kotek.core.tests.plugin/Debug/kotek.core.tests.plugin.lib and object D:/a/kotek/kotek/build/src/kotek.core/tests/kotek.core.tests.plugin/Debug/kotek.core.tests.plugin.exp
  kotek.core.defines.static.render.vcxproj -> D:\a\kotek\kotek\build\src\kotek.core.defines.static.render\Debug\kotek.core.defines.static.render.lib
  kotek.core.defines.static.os.linux.vcxproj -> D:\a\kotek\kotek\build\src\kotek.core.defines.static.os.linux\Debug\kotek.core.defines.static.os.linux.lib
  kotek.core.tests.plugin.vcxproj -> D:\a\kotek\kotek\build\src\kotek.core\tests\kotek.core.tests.plugin\Debug\kotek.core.tests.plugin.dll
  main_core_containers_io_dll.cpp
  main_core_constants_string_dll.cpp
  kotek.core.constants.string.vcxproj -> D:\a\kotek\kotek\build\src\kotek.core.constants.string\Debug\kotek.core.constants.string.lib
  Building Custom Rule D:/a/kotek/kotek/src/kotek.core.constants/CMakeLists.txt
  main_core_constants_dll.cpp
  kotek.core.enum.render.dx.vcxproj -> D:\a\kotek\kotek\build\src\kotek.core.enum.render.dx\Debug\kotek.core.enum.render.dx.lib
  Building Custom Rule D:/a/kotek/kotek/src/kotek.core.defines.static/CMakeLists.txt
  main_core_defines_static_dll.cpp
  kotek.core.defines.static.vcxproj -> D:\a\kotek\kotek\build\src\kotek.core.defines.static\Debug\kotek.core.defines.static.lib
  kotek.core.containers.io.vcxproj -> D:\a\kotek\kotek\build\src\kotek.core.containers.io\Debug\kotek.core.containers.io.lib
  Building Custom Rule D:/a/kotek/kotek/src/kotek.core.enum.render.bgfx/CMakeLists.txt
  main_core_enum_render_bgfx_dll.cpp
  kotek_translation.cpp
  kotek.core.constants.vcxproj -> D:\a\kotek\kotek\build\src\kotek.core.constants\Debug\kotek.core.constants.lib
  kotek.core.enum.render.bgfx.vcxproj -> D:\a\kotek\kotek\build\src\kotek.core.enum.render.bgfx\Debug\kotek.core.enum.render.bgfx.lib
  Building Custom Rule D:/a/kotek/kotek/src/kotek.core.enum.render.gl/CMakeLists.txt
  main_core_enum_render_gl_dll.cpp
  kotek_translation.cpp
  kotek.core.enum.render.gl.vcxproj -> D:\a\kotek\kotek\build\src\kotek.core.enum.render.gl\Debug\kotek.core.enum.render.gl.lib
  Building Custom Rule D:/a/kotek/kotek/src/kotek.core.enum.render/CMakeLists.txt
  kotek_translation.cpp
  main_core_enum_render_dll.cpp
  kotek.core.enum.render.vcxproj -> D:\a\kotek\kotek\build\src\kotek.core.enum.render\Debug\kotek.core.enum.render.lib
  Building Custom Rule D:/a/kotek/kotek/src/kotek.core.enum.core/CMakeLists.txt
  kotek_translation.cpp
  main_core_enum_core_dll.cpp
  kotek_core_enum_core_test_translation.cpp
  kotek.core.enum.core.vcxproj -> D:\a\kotek\kotek\build\src\kotek.core.enum.core\Debug\kotek.core.enum.core.lib
  Building Custom Rule D:/a/kotek/kotek/src/kotek.core.enum/CMakeLists.txt
  main_core_enum_dll.cpp
  kotek.core.enum.vcxproj -> D:\a\kotek\kotek\build\src\kotek.core.enum\Debug\kotek.core.enum.lib
  Building Custom Rule D:/a/kotek/kotek/src/kotek.core.ecs/CMakeLists.txt
  main_core_ecs_dll.cpp
  kotek.core.ecs.vcxproj -> D:\a\kotek\kotek\build\src\kotek.core.ecs\Debug\kotek.core.ecs.lib
  Building Custom Rule D:/a/kotek/kotek/src/kotek.core.main_manager/CMakeLists.txt
  kotek_main_manager.cpp
  kotek_plugin_invoke.cpp
  kotek_plugin_override.cpp
  main_core_main_manager_dll.cpp
  Generating Code...
  kotek.core.main_manager.vcxproj -> D:\a\kotek\kotek\build\src\kotek.core.main_manager\Debug\kotek.core.main_manager.lib
  Building Custom Rule D:/a/kotek/kotek/src/kotek.core.engine_config/CMakeLists.txt
  kotek_std_config.cpp
  main_core_engine_config_dll.cpp
  Generating Code...
  kotek.core.engine_config.vcxproj -> D:\a\kotek\kotek\build\src\kotek.core.engine_config\Debug\kotek.core.engine_config.lib
  Building Custom Rule D:/a/kotek/kotek/src/kotek.core.log/CMakeLists.txt
  main_core_log_dll.cpp
  kotek.core.log.vcxproj -> D:\a\kotek\kotek\build\src\kotek.core.log\Debug\kotek.core.log.lib
  Building Custom Rule D:/a/kotek/kotek/src/kotek.core.os.win32/CMakeLists.txt
  main_core_os_win32_dll.cpp
  kotek.core.os.win32.vcxproj -> D:\a\kotek\kotek\build\src\kotek.core.os.win32\Debug\kotek.core.os.win32.lib
  Building Custom Rule D:/a/kotek/kotek/src/kotek.core.os/CMakeLists.txt
  main_core_os_dll.cpp
  kotek.core.os.vcxproj -> D:\a\kotek\kotek\build\src\kotek.core.os\Debug\kotek.core.os.lib
  Building Custom Rule D:/a/kotek/kotek/src/kotek.core.memory.cpu/CMakeLists.txt
  main_core_memory_cpu_dll.cpp
  kotek_std_memory.cpp
  offsetAllocator.cpp
  kotek.core.memory.cpu.vcxproj -> D:\a\kotek\kotek\build\src\kotek.core.memory.cpu\Debug\kotek.core.memory.cpu.lib
  Building Custom Rule D:/a/kotek/kotek/src/kotek.core.format/CMakeLists.txt
  main_core_format_dll.cpp
  kotek.core.format.vcxproj -> D:\a\kotek\kotek\build\src\kotek.core.format\Debug\kotek.core.format.lib
  Building Custom Rule D:/a/kotek/kotek/src/kotek.core.containers.vector/CMakeLists.txt
  main_core_containers_vector_dll.cpp
  kotek.core.containers.vector.vcxproj -> D:\a\kotek\kotek\build\src\kotek.core.containers.vector\Debug\kotek.core.containers.vector.lib
  Building Custom Rule D:/a/kotek/kotek/src/kotek.core.containers.unordered_set/CMakeLists.txt
  main_core_containers_unordered_set_dll.cpp
  kotek.core.containers.unordered_set.vcxproj -> D:\a\kotek\kotek\build\src\kotek.core.containers.unordered_set\Debug\kotek.core.containers.unordered_set.lib
  Building Custom Rule D:/a/kotek/kotek/src/kotek.core.containers.unordered_map/CMakeLists.txt
  main_core_containers_unordered_map_dll.cpp
  kotek.core.containers.unordered_map.vcxproj -> D:\a\kotek\kotek\build\src\kotek.core.containers.unordered_map\Debug\kotek.core.containers.unordered_map.lib
  Building Custom Rule D:/a/kotek/kotek/src/kotek.core.containers.filesystem.path/CMakeLists.txt
  main_core_containers_filesystem_path_dll.cpp
  kotek.core.containers.filesystem.path.vcxproj -> D:\a\kotek\kotek\build\src\kotek.core.containers.filesystem.path\Debug\kotek.core.containers.filesystem.path.lib
  Building Custom Rule D:/a/kotek/kotek/src/kotek.core.containers.dll/CMakeLists.txt
  main_core_containers_dll_dll.cpp
  kotek.core.containers.dll.vcxproj -> D:\a\kotek\kotek\build\src\kotek.core.containers.dll\Debug\kotek.core.containers.dll.lib
  Building Custom Rule D:/a/kotek/kotek/src/kotek.core.containers.string/CMakeLists.txt
  kotek_core_test_string.cpp
  main_core_containers_string_dll.cpp
  kotek_std_alias_string.cpp
  Generating Code...
  kotek.core.containers.string.vcxproj -> D:\a\kotek\kotek\build\src\kotek.core.containers.string\Debug\kotek.core.containers.string.lib
  Building Custom Rule D:/a/kotek/kotek/src/kotek.core.casting.string/CMakeLists.txt
  main_core_casting_string_dll.cpp
  kotek_std_alias_casting.cpp
  Generating Code...
  kotek.core.casting.string.vcxproj -> D:\a\kotek\kotek\build\src\kotek.core.casting.string\Debug\kotek.core.casting.string.lib
  Building Custom Rule D:/a/kotek/kotek/src/kotek.core.casting.lexical/CMakeLists.txt
  main_core_casting_lexical_dll.cpp
  kotek.core.casting.lexical.vcxproj -> D:\a\kotek\kotek\build\src\kotek.core.casting.lexical\Debug\kotek.core.casting.lexical.lib
  Building Custom Rule D:/a/kotek/kotek/src/kotek.core.types.string/CMakeLists.txt
  main_core_types_string_dll.cpp
  kotek.core.types.string.vcxproj -> D:\a\kotek\kotek\build\src\kotek.core.types.string\Debug\kotek.core.types.string.lib
  Building Custom Rule D:/a/kotek/kotek/src/kotek.core.api/CMakeLists.txt
  main_api_dll.cpp
  kotek.core.api.vcxproj -> D:\a\kotek\kotek\build\src\kotek.core.api\Debug\kotek.core.api.lib
  Building Custom Rule D:/a/kotek/kotek/src/kotek.core.defines_dependent.ecs/CMakeLists.txt
  main_core_defines_dependent_ecs_dll.cpp
  kotek.core.defines_dependent.ecs.vcxproj -> D:\a\kotek\kotek\build\src\kotek.core.defines_dependent.ecs\Debug\kotek.core.defines_dependent.ecs.lib
  Building Custom Rule D:/a/kotek/kotek/src/kotek.core.defines_dependent.assert/CMakeLists.txt
  main_core_defines_dependent_assert_dll.cpp
  kotek.core.defines_dependent.assert.vcxproj -> D:\a\kotek\kotek\build\src\kotek.core.defines_dependent.assert\Debug\kotek.core.defines_dependent.assert.lib
  Building Custom Rule D:/a/kotek/kotek/src/kotek.core.defines_dependent.message/CMakeLists.txt
  main_core_defines_dependent_message_dll.cpp
  kotek.core.defines_dependent.message.vcxproj -> D:\a\kotek\kotek\build\src\kotek.core.defines_dependent.message\Debug\kotek.core.defines_dependent.message.lib
  Building Custom Rule D:/a/kotek/kotek/src/kotek.core.casting/CMakeLists.txt
  Building Custom Rule D:/a/kotek/kotek/src/kotek.core.types/CMakeLists.txt
  Building Custom Rule D:/a/kotek/kotek/src/kotek.ui.videoplayer.avif/CMakeLists.txt
  Building Custom Rule D:/a/kotek/kotek/src/kotek.core.window.glfw/CMakeLists.txt
  Building Custom Rule D:/a/kotek/kotek/src/kotek.core.containers.map/CMakeLists.txt
  main_core_casting_dll.cpp
  kotek_std_window.cpp
  main_core_containers_map_dll.cpp
  main_core_types_dll.cpp
  main_ui_videoplayer_avif_dll.cpp
  kotek_ui_videoplayer.cpp
  Building Custom Rule D:/a/kotek/kotek/src/kotek.core.profilers.gpu/CMakeLists.txt
  kotek.core.casting.vcxproj -> D:\a\kotek\kotek\build\src\kotek.core.casting\Debug\kotek.core.casting.lib
  main_core_profilers_gpu_dll.cpp
  kotek.core.types.vcxproj -> D:\a\kotek\kotek\build\src\kotek.core.types\Debug\kotek.core.types.lib
  kotek.core.profilers.gpu.vcxproj -> D:\a\kotek\kotek\build\src\kotek.core.profilers.gpu\Debug\kotek.core.profilers.gpu.lib
  Building Custom Rule D:/a/kotek/kotek/src/kotek.core.memory.gpu.vulkan/CMakeLists.txt
  Building Custom Rule D:/a/kotek/kotek/src/kotek.core.containers.json/CMakeLists.txt
  main_core_memory_gpu_vulkan_dll.cpp
  Building Custom Rule D:/a/kotek/kotek/src/kotek.core.input/CMakeLists.txt
  kotek_std_json.cpp
  kotek_input.cpp
  kotek.core.containers.map.vcxproj -> D:\a\kotek\kotek\build\src\kotek.core.containers.map\Debug\kotek.core.containers.map.lib
  main_core_containers_json_dll.cpp
  Building Custom Rule D:/a/kotek/kotek/src/kotek.core.containers.filesystem/CMakeLists.txt
  main_core_window_glfw_dll.cpp
  Generating Code...
  kotek.core.memory.gpu.vulkan.vcxproj -> D:\a\kotek\kotek\build\src\kotek.core.memory.gpu.vulkan\Debug\kotek.core.memory.gpu.vulkan.lib
  kotek_std_alias_filesystem.cpp
  Generating Code...
  kotek.ui.videoplayer.avif.vcxproj -> D:\a\kotek\kotek\build\src\kotek.ui.videoplayer.avif\Debug\kotek.ui.videoplayer.avif.lib
  kotek.core.containers.json.vcxproj -> D:\a\kotek\kotek\build\src\kotek.core.containers.json\Debug\kotek.core.containers.json.lib
  Building Custom Rule D:/a/kotek/kotek/src/kotek.core.filesystem.file_text/CMakeLists.txt
  kotek_file_text.cpp
  main_core_input_dll.cpp
  Building Custom Rule D:/a/kotek/kotek/src/kotek.core.defines_dependent/CMakeLists.txt
  main_core_defines_dependent_dll.cpp
  main_core_filesystem_file_text_dll.cpp
  Building Custom Rule D:/a/kotek/kotek/src/kotek.core.containers.list/CMakeLists.txt
  main_core_containers_filesystem_dll.cpp
  Generating Code...
  main_core_containers_list_dll.cpp
  kotek.core.window.glfw.vcxproj -> D:\a\kotek\kotek\build\src\kotek.core.window.glfw\Debug\kotek.core.window.glfw.lib
  Generating Code...
  Building Custom Rule D:/a/kotek/kotek/src/kotek.ui.videoplayer/CMakeLists.txt
  kotek.core.filesystem.file_text.vcxproj -> D:\a\kotek\kotek\build\src\kotek.core.filesystem.file_text\Debug\kotek.core.filesystem.file_text.lib
  kotek.core.defines_dependent.vcxproj -> D:\a\kotek\kotek\build\src\kotek.core.defines_dependent\Debug\kotek.core.defines_dependent.lib
  main_ui_videoplayer_dll.cpp
  Building Custom Rule D:/a/kotek/kotek/src/kotek.core.containers.deque/CMakeLists.txt
  main_core_containers_deque_dll.cpp
  kotek.ui.videoplayer.vcxproj -> D:\a\kotek\kotek\build\src\kotek.ui.videoplayer\Debug\kotek.ui.videoplayer.lib
  kotek.core.containers.list.vcxproj -> D:\a\kotek\kotek\build\src\kotek.core.containers.list\Debug\kotek.core.containers.list.lib
  Building Custom Rule D:/a/kotek/kotek/src/kotek.core.defines/CMakeLists.txt
  main_core_defines_dll.cpp
  kotek_core_test_input.cpp
  Building Custom Rule D:/a/kotek/kotek/src/kotek.core.window/CMakeLists.txt
  kotek.core.containers.deque.vcxproj -> D:\a\kotek\kotek\build\src\kotek.core.containers.deque\Debug\kotek.core.containers.deque.lib
  kotek_window_console.cpp
  Building Custom Rule D:/a/kotek/kotek/src/kotek.core.containers.queue/CMakeLists.txt
  Building Custom Rule D:/a/kotek/kotek/src/kotek.core.os.linux/CMakeLists.txt
  kotek.core.defines.vcxproj -> D:\a\kotek\kotek\build\src\kotek.core.defines\Debug\kotek.core.defines.lib
  Building Custom Rule D:/a/kotek/kotek/src/kotek.core.memory.gpu/CMakeLists.txt
  main_core_os_linux_dll.cpp
  kotek.core.os.linux.vcxproj -> D:\a\kotek\kotek\build\src\kotek.core.os.linux\Debug\kotek.core.os.linux.lib
  main_core_containers_queue_dll.cpp
  Generating Code...
  main_core_memory_gpu_dll.cpp
  kotek.core.containers.filesystem.vcxproj -> D:\a\kotek\kotek\build\src\kotek.core.containers.filesystem\Debug\kotek.core.containers.filesystem.lib
  Building Custom Rule D:/a/kotek/kotek/src/kotek.core.filesystem/CMakeLists.txt
  kotek.core.containers.queue.vcxproj -> D:\a\kotek\kotek\build\src\kotek.core.containers.queue\Debug\kotek.core.containers.queue.lib
  Building Custom Rule D:/a/kotek/kotek/src/kotek.core.containers.multithreading.queue/CMakeLists.txt
  kotek_filesystem.cpp
  Building Custom Rule D:/a/kotek/kotek/src/kotek.core.utility/CMakeLists.txt
  Building Custom Rule D:/a/kotek/kotek/src/kotek.core.console/CMakeLists.txt
  Generating Code...
  main_core_containers_multithreading_queue_dll.cpp
  kotek.core.input.vcxproj -> D:\a\kotek\kotek\build\src\kotek.core.input\Debug\kotek.core.input.lib
  kotek_console.cpp
  main_core_window_dll.cpp
  kotek.core.memory.gpu.vcxproj -> D:\a\kotek\kotek\build\src\kotek.core.memory.gpu\Debug\kotek.core.memory.gpu.lib
  kotek_std_utility.cpp
  Building Custom Rule D:/a/kotek/kotek/src/kotek.core.memory/CMakeLists.txt
  kotek.core.containers.multithreading.queue.vcxproj -> D:\a\kotek\kotek\build\src\kotek.core.containers.multithreading.queue\Debug\kotek.core.containers.multithreading.queue.lib
  main_core_memory_dll.cpp
  kotek_filesystem_native.cpp
  Building Custom Rule D:/a/kotek/kotek/src/kotek.core.containers.multithreading/CMakeLists.txt
  Generating Code...
  main_core_console_dll.cpp
  kotek_std_utility_tests.cpp
  kotek.core.window.vcxproj -> D:\a\kotek\kotek\build\src\kotek.core.window\Debug\kotek.core.window.lib
  Building Custom Rule D:/a/kotek/kotek/src/kotek.ui.rmlui/CMakeLists.txt
  kotek.core.memory.vcxproj -> D:\a\kotek\kotek\build\src\kotek.core.memory\Debug\kotek.core.memory.lib
  Building Custom Rule D:/a/kotek/kotek/src/kotek.core.window_manager/CMakeLists.txt
  Building Custom Rule D:/a/kotek/kotek/src/kotek.core.profilers.cpu/CMakeLists.txt
  main_core_profilers_cpu_dll.cpp
  kotek_window_manager.cpp
  kotek_ui_game_ui_manager.cpp
  kotek_filesystem_zlib.cpp
  kotek.core.profilers.cpu.vcxproj -> D:\a\kotek\kotek\build\src\kotek.core.profilers.cpu\Debug\kotek.core.profilers.cpu.lib
  Generating Code...
  main_core_utility_dll.cpp
  Building Custom Rule D:/a/kotek/kotek/src/kotek.core.profilers/CMakeLists.txt
  main_core_window_manager_dll.cpp
  main_ui_rmlui_dll.cpp
  kotek.core.console.vcxproj -> D:\a\kotek\kotek\build\src\kotek.core.console\Debug\kotek.core.console.lib
  kotek_profiler.cpp
  main_core_containers_multithreading_dll.cpp
  kotek_virtualfilemapper.cpp
  Generating Code...
  kotek.core.containers.multithreading.vcxproj -> D:\a\kotek\kotek\build\src\kotek.core.containers.multithreading\Debug\kotek.core.containers.multithreading.lib
  kotek.core.utility.vcxproj -> D:\a\kotek\kotek\build\src\kotek.core.utility\Debug\kotek.core.utility.lib
  Generating Code...
  Building Custom Rule D:/a/kotek/kotek/src/kotek.core.math/CMakeLists.txt
  Generating Code...
  Building Custom Rule D:/a/kotek/kotek/src/kotek.core.containers/CMakeLists.txt
  kotek.core.window_manager.vcxproj -> D:\a\kotek\kotek\build\src\kotek.core.window_manager\Debug\kotek.core.window_manager.lib
  kotek_core_test_math.cpp
  main_core_containers_dll.cpp
  main_core_profilers_dll.cpp
  kotek.ui.rmlui.vcxproj -> D:\a\kotek\kotek\build\src\kotek.ui.rmlui\Debug\kotek.ui.rmlui.lib
  main_core_filesystem_dll.cpp
  Generating Code...
  kotek_std_math_vector1f.cpp
  kotek.core.profilers.vcxproj -> D:\a\kotek\kotek\build\src\kotek.core.profilers\Debug\kotek.core.profilers.lib
  kotek.core.containers.vcxproj -> D:\a\kotek\kotek\build\src\kotek.core.containers\Debug\kotek.core.containers.lib
  kotek_std_math_vector2f.cpp
  Generating Code...
  kotek.core.filesystem.vcxproj -> D:\a\kotek\kotek\build\src\kotek.core.filesystem\Debug\kotek.core.filesystem.lib
  kotek_std_math_vector3f.cpp
  kotek_std_math_vector4f.cpp
  kotek_std_math_matrix2x2_f.cpp
  kotek_std_math_matrix3x3_f.cpp
  kotek_std_math_matrix4x4_f.cpp
  kotek_std_math_vectornf_view.cpp
  kotek_std_math_matrixnf_view.cpp
  main_core_math_dll.cpp
  Generating Code...
D:\a\kotek\kotek\src\kotek.core.math\src\kotek_std_math_matrix3x3_f.cpp(286,1): warning C4717: 'Kotek::ktk::math::matrix3x3f::operator+=': recursive on all control paths, function will cause runtime stack overflow [D:\a\kotek\kotek\build\src\kotek.core.math\kotek.core.math.vcxproj]
D:\a\kotek\kotek\src\kotek.core.math\src\kotek_std_math_matrix3x3_f.cpp(415,1): warning C4717: 'Kotek::ktk::math::matrix3x3f::operator*=': recursive on all control paths, function will cause runtime stack overflow [D:\a\kotek\kotek\build\src\kotek.core.math\kotek.core.math.vcxproj]
D:\a\kotek\kotek\src\kotek.core.math\src\kotek_std_math_matrix3x3_f.cpp(373,1): warning C4717: 'Kotek::ktk::math::matrix3x3f::operator-=': recursive on all control paths, function will cause runtime stack overflow [D:\a\kotek\kotek\build\src\kotek.core.math\kotek.core.math.vcxproj]
D:\a\kotek\kotek\src\kotek.core.math\src\kotek_std_math_matrix2x2_f.cpp(271,1): warning C4717: 'Kotek::ktk::math::matrix2x2f::operator+=': recursive on all control paths, function will cause runtime stack overflow [D:\a\kotek\kotek\build\src\kotek.core.math\kotek.core.math.vcxproj]
D:\a\kotek\kotek\src\kotek.core.math\src\kotek_std_math_matrix2x2_f.cpp(366,1): warning C4717: 'Kotek::ktk::math::matrix2x2f::operator-=': recursive on all control paths, function will cause runtime stack overflow [D:\a\kotek\kotek\build\src\kotek.core.math\kotek.core.math.vcxproj]
D:\a\kotek\kotek\src\kotek.core.math\src\kotek_std_math_matrix2x2_f.cpp(440,1): warning C4717: 'Kotek::ktk::math::matrix2x2f::operator*=': recursive on all control paths, function will cause runtime stack overflow [D:\a\kotek\kotek\build\src\kotek.core.math\kotek.core.math.vcxproj]
  kotek.core.math.vcxproj -> D:\a\kotek\kotek\build\src\kotek.core.math\Debug\kotek.core.math.lib
  Building Custom Rule D:/a/kotek/kotek/src/kotek.ui.imgui/CMakeLists.txt
  kotek_ui_imgui_context_manager.cpp
  Building Custom Rule D:/a/kotek/kotek/src/kotek.core/CMakeLists.txt
  main_core_dll.cpp
  kotek_core_test_filesystem.cpp
  kotek_core_test_json.cpp
  kotek_core_test_string.cpp
  imgui_impl_dx9.cpp
  imgui_impl_dx10.cpp
  imgui_impl_dx11.cpp
  imgui_impl_dx12.cpp
  kotek_core_test_container_deque.cpp
  kotek_core_test_container_vector.cpp
  kotek_core_test_container_unordered_set.cpp
  kotek_core_test_container_unordered_map.cpp
  kotek_core_test_container_set.cpp
  imgui_impl_glfw.cpp
  kotek_core_test_container_queue.cpp
  kotek_core_test_container_map.cpp
  kotek_core_test_container_list.cpp
  kotek_core_test_plugin_override.cpp
  kotek_core_test_math_backends.cpp
  imgui_impl_opengl2.cpp
  imgui_impl_opengl3.cpp
  imgui_impl_vulkan.cpp
  imgui_impl_win32.cpp
  imgui.cpp
  imgui_demo.cpp
  imgui_draw.cpp
  imgui_tables.cpp
  imgui_widgets.cpp
  kotek_ui_imgui_wrapper.cpp
D:\a\kotek\kotek\src\kotek.core\tests\kotek_core_test_container_unordered_set.cpp(26,1): error C4430: missing type specifier - int assumed. Note: C++ does not support default-int [D:\a\kotek\kotek\build\src\kotek.core\kotek.core.vcxproj]
D:\a\kotek\kotek\src\kotek.core\tests\kotek_core_test_container_unordered_set.cpp(26,6): error C2065: 'Containers': undeclared identifier [D:\a\kotek\kotek\build\src\kotek.core\kotek.core.vcxproj]
D:\a\kotek\kotek\src\kotek.core\tests\kotek_core_test_container_unordered_set.cpp(26,18): error C2065: 'test_container_hybrid_unordered_set_default_constructor': undeclared identifier [D:\a\kotek\kotek\build\src\kotek.core\kotek.core.vcxproj]
D:\a\kotek\kotek\src\kotek.core\tests\kotek_core_test_container_unordered_set.cpp(26,5): error C2440: 'initializing': cannot convert from 'initializer list' to 'int' [D:\a\kotek\kotek\build\src\kotek.core\kotek.core.vcxproj]
      D:\a\kotek\kotek\src\kotek.core\tests\kotek_core_test_container_unordered_set.cpp(26,5):
      The initializer contains too many elements
  
D:\a\kotek\kotek\src\kotek.core\tests\kotek_core_test_container_unordered_set.cpp(27,1): error C2059: syntax error: '{' [D:\a\kotek\kotek\build\src\kotek.core\kotek.core.vcxproj]
D:\a\kotek\kotek\src\kotek.core\tests\kotek_core_test_container_unordered_set.cpp(27,1): error C2143: syntax error: missing ';' before '{' [D:\a\kotek\kotek\build\src\kotek.core\kotek.core.vcxproj]
D:\a\kotek\kotek\src\kotek.core\tests\kotek_core_test_container_unordered_set.cpp(27,1): error C2447: '{': missing function header (old-style formal list?) [D:\a\kotek\kotek\build\src\kotek.core\kotek.core.vcxproj]
D:\a\kotek\kotek\src\kotek.core\tests\kotek_core_test_container_unordered_set.cpp(33,1): error C4430: missing type specifier - int assumed. Note: C++ does not support default-int [D:\a\kotek\kotek\build\src\kotek.core\kotek.core.vcxproj]
D:\a\kotek\kotek\src\kotek.core\tests\kotek_core_test_container_unordered_set.cpp(33,1): error C2374: 'Kotek::Core::TEST': redefinition; multiple initialization [D:\a\kotek\kotek\build\src\kotek.core\kotek.core.vcxproj]
      D:\a\kotek\kotek\src\kotek.core\tests\kotek_core_test_container_unordered_set.cpp(26,1):
      see declaration of 'Kotek::Core::TEST'
  
D:\a\kotek\kotek\src\kotek.core\tests\kotek_core_test_container_unordered_set.cpp(33,1): error C2086: 'int Kotek::Core::TEST': redefinition [D:\a\kotek\kotek\build\src\kotek.core\kotek.core.vcxproj]
      D:\a\kotek\kotek\src\kotek.core\tests\kotek_core_test_container_unordered_set.cpp(26,1):
      see declaration of 'Kotek::Core::TEST'
  
D:\a\kotek\kotek\src\kotek.core\tests\kotek_core_test_container_unordered_set.cpp(33,6): error C2065: 'Containers': undeclared identifier [D:\a\kotek\kotek\build\src\kotek.core\kotek.core.vcxproj]
D:\a\kotek\kotek\src\kotek.core\tests\kotek_core_test_container_unordered_set.cpp(33,18): error C2065: 'test_container_hybrid_unordered_set_bucket_count_constructor': undeclared identifier [D:\a\kotek\kotek\build\src\kotek.core\kotek.core.vcxproj]
D:\a\kotek\kotek\src\kotek.core\tests\kotek_core_test_container_unordered_set.cpp(34,1): error C2059: syntax error: '{' [D:\a\kotek\kotek\build\src\kotek.core\kotek.core.vcxproj]
D:\a\kotek\kotek\src\kotek.core\tests\kotek_core_test_container_unordered_set.cpp(34,1): error C2143: syntax error: missing ';' before '{' [D:\a\kotek\kotek\build\src\kotek.core\kotek.core.vcxproj]
D:\a\kotek\kotek\src\kotek.core\tests\kotek_core_test_container_unordered_set.cpp(34,1): error C2447: '{': missing function header (old-style formal list?) [D:\a\kotek\kotek\build\src\kotek.core\kotek.core.vcxproj]
D:\a\kotek\kotek\src\kotek.core\tests\kotek_core_test_container_unordered_set.cpp(39,1): error C4430: missing type specifier - int assumed. Note: C++ does not support default-int [D:\a\kotek\kotek\build\src\kotek.core\kotek.core.vcxproj]
D:\a\kotek\kotek\src\kotek.core\tests\kotek_core_test_container_unordered_set.cpp(39,1): error C2374: 'Kotek::Core::TEST': redefinition; multiple initialization [D:\a\kotek\kotek\build\src\kotek.core\kotek.core.vcxproj]
      D:\a\kotek\kotek\src\kotek.core\tests\kotek_core_test_container_unordered_set.cpp(26,1):
      see declaration of 'Kotek::Core::TEST'
  
D:\a\kotek\kotek\src\kotek.core\tests\kotek_core_test_container_unordered_set.cpp(39,1): error C2086: 'int Kotek::Core::TEST': redefinition [D:\a\kotek\kotek\build\src\kotek.core\kotek.core.vcxproj]
      D:\a\kotek\kotek\src\kotek.core\tests\kotek_core_test_container_unordered_set.cpp(26,1):
      see declaration of 'Kotek::Core::TEST'
  
D:\a\kotek\kotek\src\kotek.core\tests\kotek_core_test_container_unordered_set.cpp(39,6): error C2065: 'Containers': undeclared identifier [D:\a\kotek\kotek\build\src\kotek.core\kotek.core.vcxproj]
D:\a\kotek\kotek\src\kotek.core\tests\kotek_core_test_container_unordered_set.cpp(40,2): error C2065: 'test_container_hybrid_unordered_set_bucket_count_with_hash_constructor': undeclared identifier [D:\a\kotek\kotek\build\src\kotek.core\kotek.core.vcxproj]
D:\a\kotek\kotek\src\kotek.core\tests\kotek_core_test_container_unordered_set.cpp(41,1): error C2059: syntax error: '{' [D:\a\kotek\kotek\build\src\kotek.core\kotek.core.vcxproj]
D:\a\kotek\kotek\src\kotek.core\tests\kotek_core_test_container_unordered_set.cpp(41,1): error C2143: syntax error: missing ';' before '{' [D:\a\kotek\kotek\build\src\kotek.core\kotek.core.vcxproj]
D:\a\kotek\kotek\src\kotek.core\tests\kotek_core_test_container_unordered_set.cpp(41,1): error C2447: '{': missing function header (old-style formal list?) [D:\a\kotek\kotek\build\src\kotek.core\kotek.core.vcxproj]
D:\a\kotek\kotek\src\kotek.core\tests\kotek_core_test_container_unordered_set.cpp(46,1): error C4430: missing type specifier - int assumed. Note: C++ does not support default-int [D:\a\kotek\kotek\build\src\kotek.core\kotek.core.vcxproj]
D:\a\kotek\kotek\src\kotek.core\tests\kotek_core_test_container_unordered_set.cpp(46,1): error C2374: 'Kotek::Core::TEST': redefinition; multiple initialization [D:\a\kotek\kotek\build\src\kotek.core\kotek.core.vcxproj]
      D:\a\kotek\kotek\src\kotek.core\tests\kotek_core_test_container_unordered_set.cpp(26,1):
      see declaration of 'Kotek::Core::TEST'
  
D:\a\kotek\kotek\src\kotek.core\tests\kotek_core_test_container_unordered_set.cpp(46,1): error C2086: 'int Kotek::Core::TEST': redefinition [D:\a\kotek\kotek\build\src\kotek.core\kotek.core.vcxproj]
      D:\a\kotek\kotek\src\kotek.core\tests\kotek_core_test_container_unordered_set.cpp(26,1):
      see declaration of 'Kotek::Core::TEST'
  
D:\a\kotek\kotek\src\kotek.core\tests\kotek_core_test_container_unordered_set.cpp(46,6): error C2065: 'Containers': undeclared identifier [D:\a\kotek\kotek\build\src\kotek.core\kotek.core.vcxproj]
D:\a\kotek\kotek\src\kotek.core\tests\kotek_core_test_container_unordered_set.cpp(46,18): error C2065: 'test_container_hybrid_unordered_set_range_constructor': undeclared identifier [D:\a\kotek\kotek\build\src\kotek.core\kotek.core.vcxproj]
D:\a\kotek\kotek\src\kotek.core\tests\kotek_core_test_container_unordered_set.cpp(47,1): error C2059: syntax error: '{' [D:\a\kotek\kotek\build\src\kotek.core\kotek.core.vcxproj]
D:\a\kotek\kotek\src\kotek.core\tests\kotek_core_test_container_unordered_set.cpp(47,1): error C2143: syntax error: missing ';' before '{' [D:\a\kotek\kotek\build\src\kotek.core\kotek.core.vcxproj]
D:\a\kotek\kotek\src\kotek.core\tests\kotek_core_test_container_unordered_set.cpp(47,1): error C2447: '{': missing function header (old-style formal list?) [D:\a\kotek\kotek\build\src\kotek.core\kotek.core.vcxproj]
D:\a\kotek\kotek\src\kotek.core\tests\kotek_core_test_container_unordered_set.cpp(58,1): error C4430: missing type specifier - int assumed. Note: C++ does not support default-int [D:\a\kotek\kotek\build\src\kotek.core\kotek.core.vcxproj]
D:\a\kotek\kotek\src\kotek.core\tests\kotek_core_test_container_unordered_set.cpp(58,1): error C2374: 'Kotek::Core::TEST': redefinition; multiple initialization [D:\a\kotek\kotek\build\src\kotek.core\kotek.core.vcxproj]
      D:\a\kotek\kotek\src\kotek.core\tests\kotek_core_test_container_unordered_set.cpp(26,1):
      see declaration of 'Kotek::Core::TEST'
  
D:\a\kotek\kotek\src\kotek.core\tests\kotek_core_test_container_unordered_set.cpp(58,1): error C2086: 'int Kotek::Core::TEST': redefinition [D:\a\kotek\kotek\build\src\kotek.core\kotek.core.vcxproj]
      D:\a\kotek\kotek\src\kotek.core\tests\kotek_core_test_container_unordered_set.cpp(26,1):
      see declaration of 'Kotek::Core::TEST'
  
D:\a\kotek\kotek\src\kotek.core\tests\kotek_core_test_container_unordered_set.cpp(58,6): error C2065: 'Containers': undeclared identifier [D:\a\kotek\kotek\build\src\kotek.core\kotek.core.vcxproj]
D:\a\kotek\kotek\src\kotek.core\tests\kotek_core_test_container_unordered_set.cpp(59,2): error C2065: 'test_container_hybrid_unordered_set_initializer_list_constructor': undeclared identifier [D:\a\kotek\kotek\build\src\kotek.core\kotek.core.vcxproj]
D:\a\kotek\kotek\src\kotek.core\tests\kotek_core_test_container_unordered_set.cpp(60,1): error C2059: syntax error: '{' [D:\a\kotek\kotek\build\src\kotek.core\kotek.core.vcxproj]
D:\a\kotek\kotek\src\kotek.core\tests\kotek_core_test_container_unordered_set.cpp(60,1): error C2143: syntax error: missing ';' before '{' [D:\a\kotek\kotek\build\src\kotek.core\kotek.core.vcxproj]
D:\a\kotek\kotek\src\kotek.core\tests\kotek_core_test_container_unordered_set.cpp(60,1): error C2447: '{': missing function header (old-style formal list?) [D:\a\kotek\kotek\build\src\kotek.core\kotek.core.vcxproj]
D:\a\kotek\kotek\src\kotek.core\tests\kotek_core_test_container_unordered_set.cpp(70,1): error C4430: missing type specifier - int assumed. Note: C++ does not support default-int [D:\a\kotek\kotek\build\src\kotek.core\kotek.core.vcxproj]
D:\a\kotek\kotek\src\kotek.core\tests\kotek_core_test_container_unordered_set.cpp(70,1): error C2374: 'Kotek::Core::TEST': redefinition; multiple initialization [D:\a\kotek\kotek\build\src\kotek.core\kotek.core.vcxproj]
      D:\a\kotek\kotek\src\kotek.core\tests\kotek_core_test_container_unordered_set.cpp(26,1):
      see declaration of 'Kotek::Core::TEST'
  
D:\a\kotek\kotek\src\kotek.core\tests\kotek_core_test_container_unordered_set.cpp(70,1): error C2086: 'int Kotek::Core::TEST': redefinition [D:\a\kotek\kotek\build\src\kotek.core\kotek.core.vcxproj]
      D:\a\kotek\kotek\src\kotek.core\tests\kotek_core_test_container_unordered_set.cpp(26,1):
      see declaration of 'Kotek::Core::TEST'
  
D:\a\kotek\kotek\src\kotek.core\tests\kotek_core_test_container_unordered_set.cpp(70,6): error C2065: 'Containers': undeclared identifier [D:\a\kotek\kotek\build\src\kotek.core\kotek.core.vcxproj]
D:\a\kotek\kotek\src\kotek.core\tests\kotek_core_test_container_unordered_set.cpp(70,18): error C2065: 'test_container_hybrid_unordered_set_copy_constructor': undeclared identifier [D:\a\kotek\kotek\build\src\kotek.core\kotek.core.vcxproj]
D:\a\kotek\kotek\src\kotek.core\tests\kotek_core_test_container_unordered_set.cpp(71,1): error C2059: syntax error: '{' [D:\a\kotek\kotek\build\src\kotek.core\kotek.core.vcxproj]
D:\a\kotek\kotek\src\kotek.core\tests\kotek_core_test_container_unordered_set.cpp(71,1): error C2143: syntax error: missing ';' before '{' [D:\a\kotek\kotek\build\src\kotek.core\kotek.core.vcxproj]
D:\a\kotek\kotek\src\kotek.core\tests\kotek_core_test_container_unordered_set.cpp(71,1): error C2447: '{': missing function header (old-style formal list?) [D:\a\kotek\kotek\build\src\kotek.core\kotek.core.vcxproj]
D:\a\kotek\kotek\src\kotek.core\tests\kotek_core_test_container_unordered_set.cpp(82,1): error C4430: missing type specifier - int assumed. Note: C++ does not support default-int [D:\a\kotek\kotek\build\src\kotek.core\kotek.core.vcxproj]
D:\a\kotek\kotek\src\kotek.core\tests\kotek_core_test_container_unordered_set.cpp(82,1): error C2374: 'Kotek::Core::TEST': redefinition; multiple initialization [D:\a\kotek\kotek\build\src\kotek.core\kotek.core.vcxproj]
      D:\a\kotek\kotek\src\kotek.core\tests\kotek_core_test_container_unordered_set.cpp(26,1):
      see declaration of 'Kotek::Core::TEST'
  
D:\a\kotek\kotek\src\kotek.core\tests\kotek_core_test_container_unordered_set.cpp(82,1): error C2086: 'int Kotek::Core::TEST': redefinition [D:\a\kotek\kotek\build\src\kotek.core\kotek.core.vcxproj]
      D:\a\kotek\kotek\src\kotek.core\tests\kotek_core_test_container_unordered_set.cpp(26,1):
      see declaration of 'Kotek::Core::TEST'
  
D:\a\kotek\kotek\src\kotek.core\tests\kotek_core_test_container_unordered_set.cpp(82,6): error C2065: 'Containers': undeclared identifier [D:\a\kotek\kotek\build\src\kotek.core\kotek.core.vcxproj]
D:\a\kotek\kotek\src\kotek.core\tests\kotek_core_test_container_unordered_set.cpp(82,18): error C2065: 'test_container_hybrid_unordered_set_move_constructor': undeclared identifier [D:\a\kotek\kotek\build\src\kotek.core\kotek.core.vcxproj]
D:\a\kotek\kotek\src\kotek.core\tests\kotek_core_test_container_unordered_set.cpp(83,1): error C2059: syntax error: '{' [D:\a\kotek\kotek\build\src\kotek.core\kotek.core.vcxproj]
D:\a\kotek\kotek\src\kotek.core\tests\kotek_core_test_container_unordered_set.cpp(83,1): error C2143: syntax error: missing ';' before '{' [D:\a\kotek\kotek\build\src\kotek.core\kotek.core.vcxproj]
D:\a\kotek\kotek\src\kotek.core\tests\kotek_core_test_container_unordered_set.cpp(83,1): error C2447: '{': missing function header (old-style formal list?) [D:\a\kotek\kotek\build\src\kotek.core\kotek.core.vcxproj]
D:\a\kotek\kotek\src\kotek.core\tests\kotek_core_test_container_unordered_set.cpp(108,1): error C4430: missing type specifier - int assumed. Note: C++ does not support default-int [D:\a\kotek\kotek\build\src\kotek.core\kotek.core.vcxproj]
D:\a\kotek\kotek\src\kotek.core\tests\kotek_core_test_container_unordered_set.cpp(108,1): error C2374: 'Kotek::Core::TEST': redefinition; multiple initialization [D:\a\kotek\kotek\build\src\kotek.core\kotek.core.vcxproj]
      D:\a\kotek\kotek\src\kotek.core\tests\kotek_core_test_container_unordered_set.cpp(26,1):
      see declaration of 'Kotek::Core::TEST'
  
D:\a\kotek\kotek\src\kotek.core\tests\kotek_core_test_container_unordered_set.cpp(108,1): error C2086: 'int Kotek::Core::TEST': redefinition [D:\a\kotek\kotek\build\src\kotek.core\kotek.core.vcxproj]
      D:\a\kotek\kotek\src\kotek.core\tests\kotek_core_test_container_unordered_set.cpp(26,1):
      see declaration of 'Kotek::Core::TEST'
  
D:\a\kotek\kotek\src\kotek.core\tests\kotek_core_test_container_unordered_set.cpp(108,6): error C2065: 'Containers': undeclared identifier [D:\a\kotek\kotek\build\src\kotek.core\kotek.core.vcxproj]
D:\a\kotek\kotek\src\kotek.core\tests\kotek_core_test_container_unordered_set.cpp(108,18): error C2065: 'test_container_hybrid_unordered_set_copy_assignment': undeclared identifier [D:\a\kotek\kotek\build\src\kotek.core\kotek.core.vcxproj]
D:\a\kotek\kotek\src\kotek.core\tests\kotek_core_test_container_unordered_set.cpp(109,1): error C2059: syntax error: '{' [D:\a\kotek\kotek\build\src\kotek.core\kotek.core.vcxproj]
D:\a\kotek\kotek\src\kotek.core\tests\kotek_core_test_container_unordered_set.cpp(109,1): error C2143: syntax error: missing ';' before '{' [D:\a\kotek\kotek\build\src\kotek.core\kotek.core.vcxproj]
D:\a\kotek\kotek\src\kotek.core\tests\kotek_core_test_container_unordered_set.cpp(109,1): error C2447: '{': missing function header (old-style formal list?) [D:\a\kotek\kotek\build\src\kotek.core\kotek.core.vcxproj]
D:\a\kotek\kotek\src\kotek.core\tests\kotek_core_test_container_unordered_set.cpp(121,1): error C4430: missing type specifier - int assumed. Note: C++ does not support default-int [D:\a\kotek\kotek\build\src\kotek.core\kotek.core.vcxproj]
D:\a\kotek\kotek\src\kotek.core\tests\kotek_core_test_container_unordered_set.cpp(121,1): error C2374: 'Kotek::Core::TEST': redefinition; multiple initialization [D:\a\kotek\kotek\build\src\kotek.core\kotek.core.vcxproj]
      D:\a\kotek\kotek\src\kotek.core\tests\kotek_core_test_container_unordered_set.cpp(26,1):
      see declaration of 'Kotek::Core::TEST'
  
D:\a\kotek\kotek\src\kotek.core\tests\kotek_core_test_container_unordered_set.cpp(121,1): error C2086: 'int Kotek::Core::TEST': redefinition [D:\a\kotek\kotek\build\src\kotek.core\kotek.core.vcxproj]
      D:\a\kotek\kotek\src\kotek.core\tests\kotek_core_test_container_unordered_set.cpp(26,1):
      see declaration of 'Kotek::Core::TEST'
  
D:\a\kotek\kotek\src\kotek.core\tests\kotek_core_test_container_unordered_set.cpp(121,6): error C2065: 'Containers': undeclared identifier [D:\a\kotek\kotek\build\src\kotek.core\kotek.core.vcxproj]
D:\a\kotek\kotek\src\kotek.core\tests\kotek_core_test_container_unordered_set.cpp(121,18): error C2065: 'test_container_hybrid_unordered_set_move_assignment': undeclared identifier [D:\a\kotek\kotek\build\src\kotek.core\kotek.core.vcxproj]
D:\a\kotek\kotek\src\kotek.core\tests\kotek_core_test_container_unordered_set.cpp(122,1): error C2059: syntax error: '{' [D:\a\kotek\kotek\build\src\kotek.core\kotek.core.vcxproj]
D:\a\kotek\kotek\src\kotek.core\tests\kotek_core_test_container_unordered_set.cpp(122,1): error C2143: syntax error: missing ';' before '{' [D:\a\kotek\kotek\build\src\kotek.core\kotek.core.vcxproj]
D:\a\kotek\kotek\src\kotek.core\tests\kotek_core_test_container_unordered_set.cpp(122,1): error C2447: '{': missing function header (old-style formal list?) [D:\a\kotek\kotek\build\src\kotek.core\kotek.core.vcxproj]
D:\a\kotek\kotek\src\kotek.core\tests\kotek_core_test_container_unordered_set.cpp(149,1): error C4430: missing type specifier - int assumed. Note: C++ does not support default-int [D:\a\kotek\kotek\build\src\kotek.core\kotek.core.vcxproj]
D:\a\kotek\kotek\src\kotek.core\tests\kotek_core_test_container_unordered_set.cpp(149,1): error C2374: 'Kotek::Core::TEST': redefinition; multiple initialization [D:\a\kotek\kotek\build\src\kotek.core\kotek.core.vcxproj]
      D:\a\kotek\kotek\src\kotek.core\tests\kotek_core_test_container_unordered_set.cpp(26,1):
      see declaration of 'Kotek::Core::TEST'
  
D:\a\kotek\kotek\src\kotek.core\tests\kotek_core_test_container_unordered_set.cpp(149,1): error C2086: 'int Kotek::Core::TEST': redefinition [D:\a\kotek\kotek\build\src\kotek.core\kotek.core.vcxproj]
      D:\a\kotek\kotek\src\kotek.core\tests\kotek_core_test_container_unordered_set.cpp(26,1):
      see declaration of 'Kotek::Core::TEST'
  
D:\a\kotek\kotek\src\kotek.core\tests\kotek_core_test_container_unordered_set.cpp(150,2): error C2065: 'Containers': undeclared identifier [D:\a\kotek\kotek\build\src\kotek.core\kotek.core.vcxproj]
D:\a\kotek\kotek\src\kotek.core\tests\kotek_core_test_container_unordered_set.cpp(150,14): error C2065: 'test_container_hybrid_unordered_set_initializer_list_assignment': undeclared identifier [D:\a\kotek\kotek\build\src\kotek.core\kotek.core.vcxproj]
D:\a\kotek\kotek\src\kotek.core\tests\kotek_core_test_container_unordered_set.cpp(151,1): error C2059: syntax error: '{' [D:\a\kotek\kotek\build\src\kotek.core\kotek.core.vcxproj]
D:\a\kotek\kotek\src\kotek.core\tests\kotek_core_test_container_unordered_set.cpp(151,1): error C2143: syntax error: missing ';' before '{' [D:\a\kotek\kotek\build\src\kotek.core\kotek.core.vcxproj]
D:\a\kotek\kotek\src\kotek.core\tests\kotek_core_test_container_unordered_set.cpp(151,1): error C2447: '{': missing function header (old-style formal list?) [D:\a\kotek\kotek\build\src\kotek.core\kotek.core.vcxproj]
D:\a\kotek\kotek\src\kotek.core\tests\kotek_core_test_container_unordered_set.cpp(163,1): error C4430: missing type specifier - int assumed. Note: C++ does not support default-int [D:\a\kotek\kotek\build\src\kotek.core\kotek.core.vcxproj]
D:\a\kotek\kotek\src\kotek.core\tests\kotek_core_test_container_unordered_set.cpp(163,1): error C2374: 'Kotek::Core::TEST': redefinition; multiple initialization [D:\a\kotek\kotek\build\src\kotek.core\kotek.core.vcxproj]
      D:\a\kotek\kotek\src\kotek.core\tests\kotek_core_test_container_unordered_set.cpp(26,1):
      see declaration of 'Kotek::Core::TEST'
  
D:\a\kotek\kotek\src\kotek.core\tests\kotek_core_test_container_unordered_set.cpp(163,1): error C2086: 'int Kotek::Core::TEST': redefinition [D:\a\kotek\kotek\build\src\kotek.core\kotek.core.vcxproj]
      D:\a\kotek\kotek\src\kotek.core\tests\kotek_core_test_container_unordered_set.cpp(26,1):
      see declaration of 'Kotek::Core::TEST'
  
D:\a\kotek\kotek\src\kotek.core\tests\kotek_core_test_container_unordered_set.cpp(163,6): error C2065: 'Containers': undeclared identifier [D:\a\kotek\kotek\build\src\kotek.core\kotek.core.vcxproj]
D:\a\kotek\kotek\src\kotek.core\tests\kotek_core_test_container_unordered_set.cpp(163,18): error C2065: 'test_container_hybrid_unordered_set_iterators': undeclared identifier [D:\a\kotek\kotek\build\src\kotek.core\kotek.core.vcxproj]
D:\a\kotek\kotek\src\kotek.core\tests\kotek_core_test_container_unordered_set.cpp(164,1): error C2059: syntax error: '{' [D:\a\kotek\kotek\build\src\kotek.core\kotek.core.vcxproj]
D:\a\kotek\kotek\src\kotek.core\tests\kotek_core_test_container_unordered_set.cpp(164,1): error C2143: syntax error: missing ';' before '{' [D:\a\kotek\kotek\build\src\kotek.core\kotek.core.vcxproj]
D:\a\kotek\kotek\src\kotek.core\tests\kotek_core_test_container_unordered_set.cpp(164,1): error C2447: '{': missing function header (old-style formal list?) [D:\a\kotek\kotek\build\src\kotek.core\kotek.core.vcxproj]
D:\a\kotek\kotek\src\kotek.core\tests\kotek_core_test_container_unordered_set.cpp(183,1): error C4430: missing type specifier - int assumed. Note: C++ does not support default-int [D:\a\kotek\kotek\build\src\kotek.core\kotek.core.vcxproj]
D:\a\kotek\kotek\src\kotek.core\tests\kotek_core_test_container_unordered_set.cpp(183,1): error C2374: 'Kotek::Core::TEST': redefinition; multiple initialization [D:\a\kotek\kotek\build\src\kotek.core\kotek.core.vcxproj]
      D:\a\kotek\kotek\src\kotek.core\tests\kotek_core_test_container_unordered_set.cpp(26,1):
      see declaration of 'Kotek::Core::TEST'
  
D:\a\kotek\kotek\src\kotek.core\tests\kotek_core_test_container_unordered_set.cpp(183,1): error C2086: 'int Kotek::Core::TEST': redefinition [D:\a\kotek\kotek\build\src\kotek.core\kotek.core.vcxproj]
      D:\a\kotek\kotek\src\kotek.core\tests\kotek_core_test_container_unordered_set.cpp(26,1):
      see declaration of 'Kotek::Core::TEST'
  
D:\a\kotek\kotek\src\kotek.core\tests\kotek_core_test_container_unordered_set.cpp(183,6): error C2065: 'Containers': undeclared identifier [D:\a\kotek\kotek\build\src\kotek.core\kotek.core.vcxproj]
D:\a\kotek\kotek\src\kotek.core\tests\kotek_core_test_container_unordered_set.cpp(183,18): error C2065: 'test_container_hybrid_unordered_set_empty': undeclared identifier [D:\a\kotek\kotek\build\src\kotek.core\kotek.core.vcxproj]
D:\a\kotek\kotek\src\kotek.core\tests\kotek_core_test_container_unordered_set.cpp(184,1): error C2059: syntax error: '{' [D:\a\kotek\kotek\build\src\kotek.core\kotek.core.vcxproj]
D:\a\kotek\kotek\src\kotek.core\tests\kotek_core_test_container_unordered_set.cpp(184,1): error C2143: syntax error: missing ';' before '{' [D:\a\kotek\kotek\build\src\kotek.core\kotek.core.vcxproj]
D:\a\kotek\kotek\src\kotek.core\tests\kotek_core_test_container_unordered_set.cpp(184,1): error C2447: '{': missing function header (old-style formal list?) [D:\a\kotek\kotek\build\src\kotek.core\kotek.core.vcxproj]
D:\a\kotek\kotek\src\kotek.core\tests\kotek_core_test_container_unordered_set.cpp(192,1): error C4430: missing type specifier - int assumed. Note: C++ does not support default-int [D:\a\kotek\kotek\build\src\kotek.core\kotek.core.vcxproj]
D:\a\kotek\kotek\src\kotek.core\tests\kotek_core_test_container_unordered_set.cpp(192,1): error C2374: 'Kotek::Core::TEST': redefinition; multiple initialization [D:\a\kotek\kotek\build\src\kotek.core\kotek.core.vcxproj]
      D:\a\kotek\kotek\src\kotek.core\tests\kotek_core_test_container_unordered_set.cpp(26,1):
      see declaration of 'Kotek::Core::TEST'
  
D:\a\kotek\kotek\src\kotek.core\tests\kotek_core_test_container_unordered_set.cpp(192,1): error C2086: 'int Kotek::Core::TEST': redefinition [D:\a\kotek\kotek\build\src\kotek.core\kotek.core.vcxproj]
      D:\a\kotek\kotek\src\kotek.core\tests\kotek_core_test_container_unordered_set.cpp(26,1):
      see declaration of 'Kotek::Core::TEST'
  
D:\a\kotek\kotek\src\kotek.core\tests\kotek_core_test_container_unordered_set.cpp(192,6): error C2065: 'Containers': undeclared identifier [D:\a\kotek\kotek\build\src\kotek.core\kotek.core.vcxproj]
D:\a\kotek\kotek\src\kotek.core\tests\kotek_core_test_container_unordered_set.cpp(192,18): error C2065: 'test_container_hybrid_unordered_set_size': undeclared identifier [D:\a\kotek\kotek\build\src\kotek.core\kotek.core.vcxproj]
D:\a\kotek\kotek\src\kotek.core\tests\kotek_core_test_container_unordered_set.cpp(193,1): error C2059: syntax error: '{' [D:\a\kotek\kotek\build\src\kotek.core\kotek.core.vcxproj]
D:\a\kotek\kotek\src\kotek.core\tests\kotek_core_test_container_unordered_set.cpp(193,1): error C2143: syntax error: missing ';' before '{' [D:\a\kotek\kotek\build\src\kotek.core\kotek.core.vcxproj]
D:\a\kotek\kotek\src\kotek.core\tests\kotek_core_test_container_unordered_set.cpp(193,1): error C2447: '{': missing function header (old-style formal list?) [D:\a\kotek\kotek\build\src\kotek.core\kotek.core.vcxproj]
D:\a\kotek\kotek\src\kotek.core\tests\kotek_core_test_container_unordered_set.cpp(204,1): error C4430: missing type specifier - int assumed. Note: C++ does not support default-int [D:\a\kotek\kotek\build\src\kotek.core\kotek.core.vcxproj]
D:\a\kotek\kotek\src\kotek.core\tests\kotek_core_test_container_unordered_set.cpp(204,1): error C2374: 'Kotek::Core::TEST': redefinition; multiple initialization [D:\a\kotek\kotek\build\src\kotek.core\kotek.core.vcxproj]
      D:\a\kotek\kotek\src\kotek.core\tests\kotek_core_test_container_unordered_set.cpp(26,1):
      see declaration of 'Kotek::Core::TEST'
  
D:\a\kotek\kotek\src\kotek.core\tests\kotek_core_test_container_unordered_set.cpp(204,1): error C2086: 'int Kotek::Core::TEST': redefinition [D:\a\kotek\kotek\build\src\kotek.core\kotek.core.vcxproj]
      D:\a\kotek\kotek\src\kotek.core\tests\kotek_core_test_container_unordered_set.cpp(26,1):
      see declaration of 'Kotek::Core::TEST'
  
D:\a\kotek\kotek\src\kotek.core\tests\kotek_core_test_container_unordered_set.cpp(204,6): error C2065: 'Containers': undeclared identifier [D:\a\kotek\kotek\build\src\kotek.core\kotek.core.vcxproj]
D:\a\kotek\kotek\src\kotek.core\tests\kotek_core_test_container_unordered_set.cpp(204,18): error C2065: 'test_container_hybrid_unordered_set_max_size': undeclared identifier [D:\a\kotek\kotek\build\src\kotek.core\kotek.core.vcxproj]
D:\a\kotek\kotek\src\kotek.core\tests\kotek_core_test_container_unordered_set.cpp(205,1): error C2059: syntax error: '{' [D:\a\kotek\kotek\build\src\kotek.core\kotek.core.vcxproj]
D:\a\kotek\kotek\src\kotek.core\tests\kotek_core_test_container_unordered_set.cpp(205,1): error C2143: syntax error: missing ';' before '{' [D:\a\kotek\kotek\build\src\kotek.core\kotek.core.vcxproj]
D:\a\kotek\kotek\src\kotek.core\tests\kotek_core_test_container_unordered_set.cpp(205,1): error C2447: '{': missing function header (old-style formal list?) [D:\a\kotek\kotek\build\src\kotek.core\kotek.core.vcxproj]
D:\a\kotek\kotek\src\kotek.core\tests\kotek_core_test_container_unordered_set.cpp(211,1): error C4430: missing type specifier - int assumed. Note: C++ does not support default-int [D:\a\kotek\kotek\build\src\kotek.core\kotek.core.vcxproj]
D:\a\kotek\kotek\src\kotek.core\tests\kotek_core_test_container_unordered_set.cpp(211,1): error C2374: 'Kotek::Core::TEST': redefinition; multiple initialization [D:\a\kotek\kotek\build\src\kotek.core\kotek.core.vcxproj]
      D:\a\kotek\kotek\src\kotek.core\tests\kotek_core_test_container_unordered_set.cpp(26,1):
      see declaration of 'Kotek::Core::TEST'
  
D:\a\kotek\kotek\src\kotek.core\tests\kotek_core_test_container_unordered_set.cpp(211,1): error C2086: 'int Kotek::Core::TEST': redefinition [D:\a\kotek\kotek\build\src\kotek.core\kotek.core.vcxproj]
      D:\a\kotek\kotek\src\kotek.core\tests\kotek_core_test_container_unordered_set.cpp(26,1):
      see declaration of 'Kotek::Core::TEST'
  
D:\a\kotek\kotek\src\kotek.core\tests\kotek_core_test_container_unordered_set.cpp(211,6): error C2065: 'Containers': undeclared identifier [D:\a\kotek\kotek\build\src\kotek.core\kotek.core.vcxproj]
D:\a\kotek\kotek\src\kotek.core\tests\kotek_core_test_container_unordered_set.cpp(211,18): error C2065: 'test_container_hybrid_unordered_set_clear': undeclared identifier [D:\a\kotek\kotek\build\src\kotek.core\kotek.core.vcxproj]
D:\a\kotek\kotek\src\kotek.core\tests\kotek_core_test_container_unordered_set.cpp(211,18): error C1003: error count exceeds 100; stopping compilation [D:\a\kotek\kotek\build\src\kotek.core\kotek.core.vcxproj]
  main_ui_imgui_dll.cpp
  Generating Code...
  kotek.ui.imgui.vcxproj -> D:\a\kotek\kotek\build\src\kotek.ui.imgui\Debug\kotek.ui.imgui.lib
  Building Custom Rule D:/a/kotek/kotek/src/kotek.ui/CMakeLists.txt
  main_ui_dll.cpp
  kotek.ui.vcxproj -> D:\a\kotek\kotek\build\src\kotek.ui\Debug\kotek.ui.lib
