warning: The vcpkg D:\a\kotek\kotek\vcpkg\vcpkg.exe is using detected vcpkg root D:\a\kotek\kotek\vcpkg and ignoring mismatched VCPKG_ROOT environment value C:\Program Files\Microsoft Visual Studio\2022\Enterprise\VC\vcpkg. To suppress this message, unset the environment variable or use the --vcpkg-root command line switch.
Computing installation plan...
The following packages will be built and installed:
    tbb:x64-windows-static@2022.3.0
Detecting compiler hash for triplet x64-windows-static...
Compiler found: C:/Program Files/Microsoft Visual Studio/2022/Enterprise/VC/Tools/MSVC/14.44.35207/bin/Hostx64/x64/cl.exe
Restored 0 package(s) from C:\Users\runneradmin\AppData\Local\vcpkg\archives in 62.2 us. Use --debug to see more details.
Installing 1/1 tbb:x64-windows-static@2022.3.0...
tbb:x64-windows-static@2022.3.0 package ABI: a139783b9c90a84491d3d5b39f2d3d50a99825cd0522b2bc20020dedbfe3042c
Building tbb:x64-windows-static@2022.3.0...
Downloading https://github.com/oneapi-src/oneTBB/archive/v2022.3.0.tar.gz -> oneapi-src-oneTBB-v2022.3.0.tar.gz
Successfully downloaded oneapi-src-oneTBB-v2022.3.0.tar.gz
-- Extracting source D:/a/kotek/kotek/vcpkg/downloads/oneapi-src-oneTBB-v2022.3.0.tar.gz
-- Using source at D:/a/kotek/kotek/vcpkg/buildtrees/tbb/src/v2022.3.0-5254eca8db.clean
warning: The vcpkg D:\a\kotek\kotek\vcpkg\vcpkg.exe is using detected vcpkg root D:\a\kotek\kotek\vcpkg and ignoring mismatched VCPKG_ROOT environment value C:\Program Files\Microsoft Visual Studio\2022\Enterprise\VC\vcpkg. To suppress this message, unset the environment variable or use the --vcpkg-root command line switch.
-- Configuring x64-windows-static
-- Building x64-windows-static-dbg
-- Building x64-windows-static-rel
-- Fixing pkgconfig file: D:/a/kotek/kotek/vcpkg/packages/tbb_x64-windows-static/lib/pkgconfig/tbb.pc
-- Using cached msys2-mingw-w64-x86_64-pkgconf-1~2.5.1-1-any.pkg.tar.zst
-- Using cached msys2-msys2-runtime-3.6.5-1-x86_64.pkg.tar.zst
-- Using msys root at D:/a/kotek/kotek/vcpkg/downloads/tools/msys2/3e71d1f8e22ab23f
-- Fixing pkgconfig file: D:/a/kotek/kotek/vcpkg/packages/tbb_x64-windows-static/debug/lib/pkgconfig/tbb.pc
-- Installing: D:/a/kotek/kotek/vcpkg/packages/tbb_x64-windows-static/share/tbb/copyright
-- Performing post-build validation
Starting submission of tbb:x64-windows-static@2022.3.0 to 1 binary cache(s) in the background
Elapsed time to handle tbb:x64-windows-static: 29 s
Total install time: 29 s
Installed contents are licensed to you by owners. Microsoft is not responsible for, nor does it grant any licenses to, third-party packages.
Packages installed in this vcpkg installation declare the following licenses:
Apache-2.0
tbb provides CMake targets:

  # this is heuristically generated, and may not be correct
  find_package(TBB CONFIG REQUIRED)
  target_link_libraries(main PRIVATE TBB::tbb TBB::tbbmalloc)

tbb provides pkg-config modules:

  # C++ library for parallel programming on multi-core processors.
  tbb

Waiting for 1 remaining binary cache submissions...
Completed submission of tbb:x64-windows-static@2022.3.0 to 1 binary cache(s) in 2.2 s (1/1)
All requested installations completed successfully in: 29 s
