-- Selecting Windows SDK version 10.0.26100.0 to target Windows 10.0.20348.
-- applying D:/a/kotek/kotek/cmake/windows/compiler_globals.cmake
-- [kotek]: C++ standard is C++20 (KOTEK_WINDOWS_XP=OFF)
-- D:/a/kotek/kotek/cmake/windows/compiler_globals.cmake is applied!
[kotek.engine]: CMAKE_SOURCE_DIR=D:/a/kotek/kotek
[kotek.engine]: CMAKE_CURRENT_SOURCE_DIR=D:/a/kotek/kotek
[kotek.engine]: vcpkg triplet is 'x64-windows-static'
-- applying D:/a/kotek/kotek/cmake/library.cmake
-- [kotek]: linkage scenario is 'SHARED' (force static: '', force shared: '')
-- D:/a/kotek/kotek/cmake/library.cmake is applied!
[kotek.engine]: Your overriden kotek.exe [kotek]
[kotek.engine]: build type is 'Debug'
[kotek.engine]: filename for generating preprocessors: 'D:/a/kotek/kotek/build/generated/kotek_std_preprocessors.h'
[kotek.engine]: your dependency folder is 'vcpkg'
-- Found Freetype target Freetype::Freetype - Freetype font engine enabled
[kotek.core.defines.static.tests]: TESTS is 'ON'
[kotek.core.defines.static.tests]: TESTS use in runtime is 'ON'
-- [kotek.core.defines.static.tests]: linkage is 'SHARED'
[kotek.core.defines.static.cpp]: KOTEK_STD_LIBRARY=STD
[kotek.core.defines.static.cpp]: standard library is Standard library
[kotek.core.defines.static.cpp]: string configuration is 'OPTIMIZED'
[kotek.core.defines.static.cpp]: development is for EMB environment
[kotek.core.defines.static.cpp]: log backend is 
-- [kotek.core.defines.static.cpp]: using filesystem feature: KOTEK_FILESYSTEM_FEATURE_VFM=
-- [kotek.core.defines.static.cpp]: using filesystem type: KOTEK_FILESYSTEM_TYPE_NATIVE=
-- [kotek.core.defines.static.cpp]: using filesystem type: KOTEK_FILESYSTEM_TYPE_ZLIB=
-- [kotek.core.defines.static.cpp]: linkage is 'SHARED'
-- [kotek.core.defines.static.git]: linkage is 'SHARED'
-- [kotek.core.defines.static.render]: linkage is 'SHARED'
[kotek.core.defines.static.render.dx]: DirectX is 'ON'
-- [kotek.core.defines.static.render.dx]: linkage is 'SHARED'
-- [kotek.core.defines.static.render.gl]: linkage is 'SHARED'
[kotek.core.defines.static.render.vk]: Vulkan is 'ON'
-- [kotek.core.defines.static.render.vk]: linkage is 'SHARED'
[kotek.core.defines.static.render.bgfx]: BGFX is 'ON'
-- [kotek.core.defines.static.render.bgfx]: linkage is 'SHARED'
[kotek.core.defines.static.math]: math library is 'GLM'
-- [kotek.core.defines.static.math]: linkage is 'SHARED'
-- [kotek.core.defines.static.os]: linkage is 'SHARED'
[kotek.core.defines.static.os.win32]: window library is [GLFW]
[kotek.core.defines.static.os.win32]: platform 'Windows NT'
-- [kotek.core.defines.static.os.win32]: linkage is 'SHARED'
[kotek.core.defines.static.os.linux]: window library is [GLFW]
-- [kotek.core.defines.static.os.linux]: linkage is 'SHARED'
[kotek.core.defines.static.profilers]: CPU Profiler is 'OFF'
[kotek.core.defines.static.profilers]: GPU Profiler is 'OFF'
-- [kotek.core.defines.static.profilers]: linkage is 'SHARED'
-- [kotek.core.defines.static.sdk]: linkage is 'SHARED'
[kotek.core.defines.static.string]: UNICODE is 'ON'
-- [kotek.core.defines.static.string]: linkage is 'SHARED'
-- [kotek.core.defines.static]: linkage is 'SHARED'
-- [kotek.core.defines_dependent.text]: linkage is 'SHARED'
-- [kotek.core.defines_dependent.message]: linkage is 'SHARED'
-- [kotek.core.defines_dependent.assert]: linkage is 'SHARED'
-- [kotek.core.defines_dependent.ecs] selected ecs backend: PICO
-- [kotek.core.defines_dependent.ecs]: linkage is 'SHARED'
-- [kotek.core.defines_dependent]: linkage is 'SHARED'
-- [kotek.core.defines]: linkage is 'SHARED'
[kotek.core]: adding tests for runtime in project kotek.core
[kotek.core]: files to attach (KOTEK_TESTS): tests/kotek_core_test_filesystem.cpp;tests/kotek_core_test_json.cpp;tests/kotek_core_test_string.cpp;tests/kotek_core_test_container_deque.cpp;tests/kotek_core_test_container_vector.cpp;tests/kotek_core_test_container_unordered_set.cpp;tests/kotek_core_test_container_unordered_map.cpp;tests/kotek_core_test_container_set.cpp;tests/kotek_core_test_container_queue.cpp;tests/kotek_core_test_container_map.cpp;tests/kotek_core_test_container_list.cpp;tests/kotek_core_test_plugin_override.cpp;tests/kotek_core_test_math_backends.cpp
-- [kotek.core]: linkage is 'SHARED'
-- [kotek.core.api]: linkage is 'SHARED'
-- [kotek.core.types]: linkage is 'SHARED'
-- [kotek.core.types.char]: linkage is 'SHARED'
-- [kotek.core.types.numerics]: linkage is 'SHARED'
-- [kotek.core.types.string]: linkage is 'SHARED'
-- [kotek.core.casting]: linkage is 'SHARED'
-- [kotek.core.casting.lexical]: linkage is 'SHARED'
-- [kotek.core.casting.string]: linkage is 'SHARED'
-- [kotek.core.constants]: linkage is 'SHARED'
-- [kotek.core.constants.math]: linkage is 'SHARED'
-- [kotek.core.constants.ecs]: linkage is 'SHARED'
-- [kotek.core.constants.string]: linkage is 'SHARED'
-- [kotek.core.constants.window]: linkage is 'SHARED'
-- [kotek.core.constants.render]: linkage is 'SHARED'
-- [kotek.core.containers]: linkage is 'SHARED'
-- [kotek.core.containers.any]: linkage is 'SHARED'
-- [kotek.core.containers.array]: linkage is 'SHARED'
-- [kotek.core.containers.string]: linkage is 'SHARED'
-- [kotek.core.containers.hash]: linkage is 'SHARED'
-- [kotek.core.containers.deque]: linkage is 'SHARED'
-- [kotek.core.containers.dll]: linkage is 'SHARED'
-- [kotek.core.containers.filesystem]: linkage is 'SHARED'
-- [kotek.core.containers.filesystem.path]: linkage is 'SHARED'
-- [kotek.core.containers.function]: linkage is 'SHARED'
-- [kotek.core.containers.io]: linkage is 'SHARED'
-- [kotek.core.containers.json]: linkage is 'SHARED'
-- [kotek.core.containers.map]: linkage is 'SHARED'
-- [kotek.core.containers.microsoft]: linkage is 'SHARED'
-- [kotek.core.containers.microsoft.wrl.comptr]: linkage is 'SHARED'
-- [kotek.core.containers.multithreading]: linkage is 'SHARED'
-- [kotek.core.containers.multithreading.tbb]: linkage is 'SHARED'
-- [kotek.core.containers.multithreading.atomic]: linkage is 'SHARED'
-- [kotek.core.containers.multithreading.mutex]: linkage is 'SHARED'
-- [kotek.core.containers.multithreading.shared_mutex]: linkage is 'SHARED'
-- [kotek.core.containers.multithreading.thread]: linkage is 'SHARED'
-- [kotek.core.containers.multithreading.semaphore]: linkage is 'SHARED'
-- [kotek.core.containers.multithreading.queue]: linkage is 'SHARED'
-- [kotek.core.containers.multithreading.condition_variable]: linkage is 'SHARED'
-- [kotek.core.containers.pair]: linkage is 'SHARED'
-- [kotek.core.containers.queue]: linkage is 'SHARED'
-- [kotek.core.containers.shared_ptr]: linkage is 'SHARED'
-- [kotek.core.containers.unique_ptr]: linkage is 'SHARED'
-- [kotek.core.containers.unordered_map]: linkage is 'SHARED'
-- [kotek.core.containers.unordered_set]: linkage is 'SHARED'
-- [kotek.core.containers.variant]: linkage is 'SHARED'
-- [kotek.core.containers.vector]: linkage is 'SHARED'
-- [kotek.core.containers.list]: linkage is 'SHARED'
-- [kotek.core.filesystem]: linkage is 'SHARED'
-- [kotek.core.filesystem.file_text]: linkage is 'SHARED'
-- [kotek.core.format]: linkage is 'SHARED'
-- [kotek.core.memory]: linkage is 'SHARED'
[kotek.core.memory.cpu]: memory allocator for CPU = OFF
-- [kotek.core.memory.cpu]: linkage is 'SHARED'
-- [kotek.core.memory.gpu]: linkage is 'SHARED'
-- [kotek.core.memory.gpu.vulkan]: linkage is 'SHARED'
[kotek.core.math]: math library is 'GLM'
-- [kotek.core.math]: linkage is 'SHARED'
-- [kotek.core.profilers]: linkage is 'SHARED'
-- [kotek.core.profilers.cpu]: linkage is 'SHARED'
-- [kotek.core.profilers.gpu]: linkage is 'SHARED'
-- [kotek.core.os]: linkage is 'SHARED'
-- [kotek.core.os.win32]: linkage is 'SHARED'
-- [kotek.core.os.linux]: linkage is 'SHARED'
-- [kotek.core.window]: linkage is 'SHARED'
-- [kotek.core.window.glfw]: linkage is 'SHARED'
-- [kotek.core.window_manager]: linkage is 'SHARED'
-- [kotek.core.log]: linkage is 'SHARED'
-- [kotek.core.console]: linkage is 'SHARED'
-- [kotek.core.engine_config]: linkage is 'SHARED'
-- [kotek.core.main_manager]: linkage is 'SHARED'
[kotek.core.ecs]: KOTEK_ECS_BACKEND=PICO
-- [kotek.core.ecs]: linkage is 'SHARED'
-- [kotek.core.enum]: linkage is 'SHARED'
-- [kotek.core.enum.core]: linkage is 'SHARED'
-- [kotek.core.enum.render]: linkage is 'SHARED'
-- [kotek.core.enum.render.dx]: linkage is 'SHARED'
-- [kotek.core.enum.render.gl]: linkage is 'SHARED'
-- [kotek.core.enum.render.vk]: linkage is 'SHARED'
-- [kotek.core.enum.render.bgfx]: linkage is 'SHARED'
-- [kotek.core.input]: linkage is 'SHARED'
-- [kotek.core.utility]: linkage is 'SHARED'
-- [kotek.game]: linkage is 'SHARED'
-- [kotek.ui]: linkage is 'SHARED'
-- [kotek.ui.imgui]: linkage is 'SHARED'
-- Found Freetype target Freetype::Freetype - Freetype font engine enabled
-- [kotek.ui.rmlui]: linkage is 'SHARED'
-- [kotek.ui.videoplayer]: linkage is 'SHARED'
-- [kotek.ui.videoplayer.avif]: linkage is 'SHARED'
-- [kotek.render]: linkage is 'SHARED'
-- [kotek.render.shared]: linkage is 'SHARED'
-- [kotek.render.shared.bgfx]: linkage is 'SHARED'
-- [kotek.render.bgfx]: linkage is 'SHARED'
-- [kotek]: module entry manifest has 0 plugin dlls -> D:/a/kotek/kotek/build/generated/kotek_plugin_manifest.h
-- [kotek]: module registry has 112 modules -> D:/a/kotek/kotek/build/generated/kotek_plugin_registry.h
-- Configuring done (1.6s)
CMake Error: The inter-target dependency graph contains the following strongly connected component (cycle):
  "kotek.core.defines_dependent.message" of type SHARED_LIBRARY
    depends on "kotek.core.log" (weak)
    depends on "kotek.core.api" (weak)
    depends on "kotek.core.enum" (weak)
    depends on "kotek.core.enum.core" (weak)
    depends on "kotek.core.containers.string" (weak)
    depends on "kotek.core.types.string" (weak)
    depends on "kotek.core.memory.cpu" (weak)
    depends on "kotek.core.main_manager" (weak)
    depends on "kotek.core.engine_config" (weak)
    depends on "kotek.core.defines_dependent.assert" (weak)
    depends on "kotek.core.containers.dll" (weak)
    depends on "kotek.core.os" (weak)
    depends on "kotek.core.os.win32" (weak)
    depends on "kotek.core.containers.unordered_set" (weak)
    depends on "kotek.core.casting.lexical" (weak)
    depends on "kotek.core.casting.string" (weak)
    depends on "kotek.core.format" (weak)
    depends on "kotek.core.containers.filesystem.path" (weak)
    depends on "kotek.core.enum.render" (weak)
    depends on "kotek.core.enum.render.gl" (weak)
    depends on "kotek.core.enum.render.bgfx" (weak)
    depends on "kotek.core.ecs" (weak)
    depends on "kotek.core.containers.vector" (weak)
    depends on "kotek.core.containers.unordered_map" (weak)
    depends on "kotek.core.defines_dependent.ecs" (weak)
  "kotek.core.defines_dependent.assert" of type SHARED_LIBRARY
    depends on "kotek.core.defines_dependent.message" (weak)
    depends on "kotek.core.log" (weak)
    depends on "kotek.core.api" (weak)
    depends on "kotek.core.enum" (weak)
    depends on "kotek.core.enum.core" (weak)
    depends on "kotek.core.containers.string" (weak)
    depends on "kotek.core.types.string" (weak)
    depends on "kotek.core.memory.cpu" (weak)
    depends on "kotek.core.main_manager" (weak)
    depends on "kotek.core.engine_config" (weak)
    depends on "kotek.core.containers.dll" (weak)
    depends on "kotek.core.os" (weak)
    depends on "kotek.core.os.win32" (weak)
    depends on "kotek.core.containers.unordered_set" (weak)
    depends on "kotek.core.casting.lexical" (weak)
    depends on "kotek.core.casting.string" (weak)
    depends on "kotek.core.format" (weak)
    depends on "kotek.core.containers.filesystem.path" (weak)
    depends on "kotek.core.enum.render" (weak)
    depends on "kotek.core.enum.render.gl" (weak)
    depends on "kotek.core.enum.render.bgfx" (weak)
    depends on "kotek.core.ecs" (weak)
    depends on "kotek.core.containers.vector" (weak)
    depends on "kotek.core.containers.unordered_map" (weak)
    depends on "kotek.core.defines_dependent.ecs" (weak)
  "kotek.core.defines_dependent.ecs" of type SHARED_LIBRARY
    depends on "kotek.core.containers.string" (weak)
    depends on "kotek.core.types.string" (weak)
    depends on "kotek.core.memory.cpu" (weak)
    depends on "kotek.core.main_manager" (weak)
    depends on "kotek.core.engine_config" (weak)
    depends on "kotek.core.api" (weak)
    depends on "kotek.core.enum" (weak)
    depends on "kotek.core.enum.core" (weak)
    depends on "kotek.core.enum.render" (weak)
    depends on "kotek.core.enum.render.gl" (weak)
    depends on "kotek.core.enum.render.bgfx" (weak)
    depends on "kotek.core.containers.filesystem.path" (weak)
    depends on "kotek.core.os" (weak)
    depends on "kotek.core.os.win32" (weak)
    depends on "kotek.core.casting.lexical" (weak)
    depends on "kotek.core.ecs" (weak)
    depends on "kotek.core.containers.vector" (weak)
    depends on "kotek.core.defines_dependent.assert" (weak)
    depends on "kotek.core.defines_dependent.message" (weak)
    depends on "kotek.core.log" (weak)
    depends on "kotek.core.format" (weak)
    depends on "kotek.core.containers.unordered_map" (weak)
    depends on "kotek.core.containers.dll" (weak)
    depends on "kotek.core.containers.unordered_set" (weak)
    depends on "kotek.core.casting.string" (weak)
  "kotek.core.api" of type SHARED_LIBRARY
    depends on "kotek.core.enum" (weak)
    depends on "kotek.core.enum.core" (weak)
    depends on "kotek.core.containers.string" (weak)
    depends on "kotek.core.types.string" (weak)
    depends on "kotek.core.memory.cpu" (weak)
    depends on "kotek.core.main_manager" (weak)
    depends on "kotek.core.engine_config" (weak)
    depends on "kotek.core.defines_dependent.assert" (weak)
    depends on "kotek.core.defines_dependent.message" (weak)
    depends on "kotek.core.log" (weak)
    depends on "kotek.core.format" (weak)
    depends on "kotek.core.containers.filesystem.path" (weak)
    depends on "kotek.core.os" (weak)
    depends on "kotek.core.os.win32" (weak)
    depends on "kotek.core.casting.lexical" (weak)
    depends on "kotek.core.containers.dll" (weak)
    depends on "kotek.core.containers.unordered_set" (weak)
    depends on "kotek.core.casting.string" (weak)
    depends on "kotek.core.enum.render" (weak)
    depends on "kotek.core.enum.render.gl" (weak)
    depends on "kotek.core.enum.render.bgfx" (weak)
    depends on "kotek.core.ecs" (weak)
    depends on "kotek.core.containers.vector" (weak)
    depends on "kotek.core.containers.unordered_map" (weak)
    depends on "kotek.core.defines_dependent.ecs" (weak)
  "kotek.core.types.string" of type SHARED_LIBRARY
    depends on "kotek.core.memory.cpu" (weak)
    depends on "kotek.core.main_manager" (weak)
    depends on "kotek.core.engine_config" (weak)
    depends on "kotek.core.api" (weak)
    depends on "kotek.core.enum" (weak)
    depends on "kotek.core.enum.core" (weak)
    depends on "kotek.core.containers.string" (weak)
    depends on "kotek.core.casting.lexical" (weak)
    depends on "kotek.core.casting.string" (weak)
    depends on "kotek.core.log" (weak)
    depends on "kotek.core.defines_dependent.assert" (weak)
    depends on "kotek.core.defines_dependent.message" (weak)
    depends on "kotek.core.format" (weak)
    depends on "kotek.core.containers.filesystem.path" (weak)
    depends on "kotek.core.os" (weak)
    depends on "kotek.core.os.win32" (weak)
    depends on "kotek.core.enum.render" (weak)
    depends on "kotek.core.enum.render.gl" (weak)
    depends on "kotek.core.enum.render.bgfx" (weak)
    depends on "kotek.core.ecs" (weak)
    depends on "kotek.core.containers.vector" (weak)
    depends on "kotek.core.containers.unordered_map" (weak)
    depends on "kotek.core.defines_dependent.ecs" (weak)
    depends on "kotek.core.containers.dll" (weak)
    depends on "kotek.core.containers.unordered_set" (weak)
  "kotek.core.casting.lexical" of type SHARED_LIBRARY
    depends on "kotek.core.types.string" (weak)
    depends on "kotek.core.memory.cpu" (weak)
    depends on "kotek.core.main_manager" (weak)
    depends on "kotek.core.engine_config" (weak)
    depends on "kotek.core.api" (weak)
    depends on "kotek.core.enum" (weak)
    depends on "kotek.core.enum.core" (weak)
    depends on "kotek.core.containers.string" (weak)
    depends on "kotek.core.casting.string" (weak)
    depends on "kotek.core.log" (weak)
    depends on "kotek.core.defines_dependent.assert" (weak)
    depends on "kotek.core.defines_dependent.message" (weak)
    depends on "kotek.core.format" (weak)
    depends on "kotek.core.containers.filesystem.path" (weak)
    depends on "kotek.core.os" (weak)
    depends on "kotek.core.os.win32" (weak)
    depends on "kotek.core.enum.render" (weak)
    depends on "kotek.core.enum.render.gl" (weak)
    depends on "kotek.core.enum.render.bgfx" (weak)
    depends on "kotek.core.ecs" (weak)
    depends on "kotek.core.containers.vector" (weak)
    depends on "kotek.core.containers.unordered_map" (weak)
    depends on "kotek.core.defines_dependent.ecs" (weak)
    depends on "kotek.core.containers.dll" (weak)
    depends on "kotek.core.containers.unordered_set" (weak)
  "kotek.core.casting.string" of type SHARED_LIBRARY
    depends on "kotek.core.types.string" (weak)
    depends on "kotek.core.memory.cpu" (weak)
    depends on "kotek.core.main_manager" (weak)
    depends on "kotek.core.engine_config" (weak)
    depends on "kotek.core.api" (weak)
    depends on "kotek.core.enum" (weak)
    depends on "kotek.core.enum.core" (weak)
    depends on "kotek.core.containers.string" (weak)
    depends on "kotek.core.casting.lexical" (weak)
    depends on "kotek.core.format" (weak)
    depends on "kotek.core.containers.filesystem.path" (weak)
    depends on "kotek.core.os" (weak)
    depends on "kotek.core.os.win32" (weak)
    depends on "kotek.core.enum.render" (weak)
    depends on "kotek.core.enum.render.gl" (weak)
    depends on "kotek.core.enum.render.bgfx" (weak)
    depends on "kotek.core.ecs" (weak)
    depends on "kotek.core.containers.vector" (weak)
    depends on "kotek.core.defines_dependent.assert" (weak)
    depends on "kotek.core.defines_dependent.message" (weak)
    depends on "kotek.core.log" (weak)
    depends on "kotek.core.containers.unordered_map" (weak)
    depends on "kotek.core.defines_dependent.ecs" (weak)
    depends on "kotek.core.containers.dll" (weak)
    depends on "kotek.core.containers.unordered_set" (weak)
  "kotek.core.containers.string" of type SHARED_LIBRARY
    depends on "kotek.core.types.string" (weak)
    depends on "kotek.core.memory.cpu" (weak)
    depends on "kotek.core.main_manager" (weak)
    depends on "kotek.core.engine_config" (weak)
    depends on "kotek.core.api" (weak)
    depends on "kotek.core.enum" (weak)
    depends on "kotek.core.enum.core" (weak)
    depends on "kotek.core.enum.render" (weak)
    depends on "kotek.core.enum.render.gl" (weak)
    depends on "kotek.core.enum.render.bgfx" (weak)
    depends on "kotek.core.containers.filesystem.path" (weak)
    depends on "kotek.core.os" (weak)
    depends on "kotek.core.os.win32" (weak)
    depends on "kotek.core.casting.lexical" (weak)
    depends on "kotek.core.ecs" (weak)
    depends on "kotek.core.containers.vector" (weak)
    depends on "kotek.core.defines_dependent.assert" (weak)
    depends on "kotek.core.defines_dependent.message" (weak)
    depends on "kotek.core.log" (weak)
    depends on "kotek.core.format" (weak)
    depends on "kotek.core.containers.unordered_map" (weak)
    depends on "kotek.core.defines_dependent.ecs" (weak)
    depends on "kotek.core.containers.dll" (weak)
    depends on "kotek.core.containers.unordered_set" (weak)
    depends on "kotek.core.casting.string" (weak)
  "kotek.core.containers.dll" of type SHARED_LIBRARY
    depends on "kotek.core.os" (weak)
    depends on "kotek.core.os.win32" (weak)
    depends on "kotek.core.main_manager" (weak)
    depends on "kotek.core.engine_config" (weak)
    depends on "kotek.core.api" (weak)
    depends on "kotek.core.enum" (weak)
    depends on "kotek.core.enum.core" (weak)
    depends on "kotek.core.containers.string" (weak)
    depends on "kotek.core.types.string" (weak)
    depends on "kotek.core.memory.cpu" (weak)
    depends on "kotek.core.casting.lexical" (weak)
    depends on "kotek.core.casting.string" (weak)
    depends on "kotek.core.log" (weak)
    depends on "kotek.core.defines_dependent.assert" (weak)
    depends on "kotek.core.defines_dependent.message" (weak)
    depends on "kotek.core.format" (weak)
    depends on "kotek.core.containers.filesystem.path" (weak)
    depends on "kotek.core.enum.render" (weak)
    depends on "kotek.core.enum.render.gl" (weak)
    depends on "kotek.core.enum.render.bgfx" (weak)
    depends on "kotek.core.ecs" (weak)
    depends on "kotek.core.containers.vector" (weak)
    depends on "kotek.core.containers.unordered_map" (weak)
    depends on "kotek.core.defines_dependent.ecs" (weak)
    depends on "kotek.core.containers.unordered_set" (weak)
  "kotek.core.containers.filesystem.path" of type SHARED_LIBRARY
    depends on "kotek.core.os" (weak)
    depends on "kotek.core.os.win32" (weak)
    depends on "kotek.core.main_manager" (weak)
    depends on "kotek.core.engine_config" (weak)
    depends on "kotek.core.api" (weak)
    depends on "kotek.core.enum" (weak)
    depends on "kotek.core.enum.core" (weak)
    depends on "kotek.core.containers.string" (weak)
    depends on "kotek.core.types.string" (weak)
    depends on "kotek.core.memory.cpu" (weak)
    depends on "kotek.core.casting.lexical" (weak)
    depends on "kotek.core.casting.string" (weak)
    depends on "kotek.core.log" (weak)
    depends on "kotek.core.defines_dependent.assert" (weak)
    depends on "kotek.core.defines_dependent.message" (weak)
    depends on "kotek.core.format" (weak)
    depends on "kotek.core.enum.render" (weak)
    depends on "kotek.core.enum.render.gl" (weak)
    depends on "kotek.core.enum.render.bgfx" (weak)
    depends on "kotek.core.ecs" (weak)
    depends on "kotek.core.containers.vector" (weak)
    depends on "kotek.core.containers.unordered_map" (weak)
    depends on "kotek.core.defines_dependent.ecs" (weak)
    depends on "kotek.core.containers.dll" (weak)
    depends on "kotek.core.containers.unordered_set" (weak)
  "kotek.core.containers.unordered_map" of type SHARED_LIBRARY
    depends on "kotek.core.memory.cpu" (weak)
    depends on "kotek.core.main_manager" (weak)
    depends on "kotek.core.engine_config" (weak)
    depends on "kotek.core.api" (weak)
    depends on "kotek.core.enum" (weak)
    depends on "kotek.core.enum.core" (weak)
    depends on "kotek.core.containers.string" (weak)
    depends on "kotek.core.types.string" (weak)
    depends on "kotek.core.casting.lexical" (weak)
    depends on "kotek.core.casting.string" (weak)
    depends on "kotek.core.log" (weak)
    depends on "kotek.core.defines_dependent.assert" (weak)
    depends on "kotek.core.defines_dependent.message" (weak)
    depends on "kotek.core.format" (weak)
    depends on "kotek.core.containers.filesystem.path" (weak)
    depends on "kotek.core.os" (weak)
    depends on "kotek.core.os.win32" (weak)
    depends on "kotek.core.enum.render" (weak)
    depends on "kotek.core.enum.render.gl" (weak)
    depends on "kotek.core.enum.render.bgfx" (weak)
    depends on "kotek.core.ecs" (weak)
    depends on "kotek.core.containers.vector" (weak)
    depends on "kotek.core.defines_dependent.ecs" (weak)
    depends on "kotek.core.containers.dll" (weak)
    depends on "kotek.core.containers.unordered_set" (weak)
  "kotek.core.containers.unordered_set" of type SHARED_LIBRARY
    depends on "kotek.core.memory.cpu" (weak)
    depends on "kotek.core.main_manager" (weak)
    depends on "kotek.core.engine_config" (weak)
    depends on "kotek.core.api" (weak)
    depends on "kotek.core.enum" (weak)
    depends on "kotek.core.enum.core" (weak)
    depends on "kotek.core.containers.string" (weak)
    depends on "kotek.core.types.string" (weak)
    depends on "kotek.core.casting.lexical" (weak)
    depends on "kotek.core.casting.string" (weak)
    depends on "kotek.core.log" (weak)
    depends on "kotek.core.defines_dependent.assert" (weak)
    depends on "kotek.core.defines_dependent.message" (weak)
    depends on "kotek.core.format" (weak)
    depends on "kotek.core.containers.filesystem.path" (weak)
    depends on "kotek.core.os" (weak)
    depends on "kotek.core.os.win32" (weak)
    depends on "kotek.core.enum.render" (weak)
    depends on "kotek.core.enum.render.gl" (weak)
    depends on "kotek.core.enum.render.bgfx" (weak)
    depends on "kotek.core.ecs" (weak)
    depends on "kotek.core.containers.vector" (weak)
    depends on "kotek.core.containers.unordered_map" (weak)
    depends on "kotek.core.defines_dependent.ecs" (weak)
    depends on "kotek.core.containers.dll" (weak)
  "kotek.core.containers.vector" of type SHARED_LIBRARY
    depends on "kotek.core.memory.cpu" (weak)
    depends on "kotek.core.main_manager" (weak)
    depends on "kotek.core.engine_config" (weak)
    depends on "kotek.core.api" (weak)
    depends on "kotek.core.enum" (weak)
    depends on "kotek.core.enum.core" (weak)
    depends on "kotek.core.containers.string" (weak)
    depends on "kotek.core.types.string" (weak)
    depends on "kotek.core.casting.lexical" (weak)
    depends on "kotek.core.casting.string" (weak)
    depends on "kotek.core.log" (weak)
    depends on "kotek.core.defines_dependent.assert" (weak)
    depends on "kotek.core.defines_dependent.message" (weak)
    depends on "kotek.core.format" (weak)
    depends on "kotek.core.containers.filesystem.path" (weak)
    depends on "kotek.core.os" (weak)
    depends on "kotek.core.os.win32" (weak)
    depends on "kotek.core.enum.render" (weak)
    depends on "kotek.core.enum.render.gl" (weak)
    depends on "kotek.core.enum.render.bgfx" (weak)
    depends on "kotek.core.ecs" (weak)
    depends on "kotek.core.containers.unordered_map" (weak)
    depends on "kotek.core.defines_dependent.ecs" (weak)
    depends on "kotek.core.containers.dll" (weak)
    depends on "kotek.core.containers.unordered_set" (weak)
  "kotek.core.format" of type SHARED_LIBRARY
    depends on "kotek.core.containers.string" (weak)
    depends on "kotek.core.types.string" (weak)
    depends on "kotek.core.memory.cpu" (weak)
    depends on "kotek.core.main_manager" (weak)
    depends on "kotek.core.engine_config" (weak)
    depends on "kotek.core.api" (weak)
    depends on "kotek.core.enum" (weak)
    depends on "kotek.core.enum.core" (weak)
    depends on "kotek.core.enum.render" (weak)
    depends on "kotek.core.enum.render.gl" (weak)
    depends on "kotek.core.enum.render.bgfx" (weak)
    depends on "kotek.core.containers.filesystem.path" (weak)
    depends on "kotek.core.os" (weak)
    depends on "kotek.core.os.win32" (weak)
    depends on "kotek.core.casting.lexical" (weak)
    depends on "kotek.core.ecs" (weak)
    depends on "kotek.core.containers.vector" (weak)
    depends on "kotek.core.defines_dependent.assert" (weak)
    depends on "kotek.core.defines_dependent.message" (weak)
    depends on "kotek.core.log" (weak)
    depends on "kotek.core.containers.unordered_map" (weak)
    depends on "kotek.core.defines_dependent.ecs" (weak)
    depends on "kotek.core.containers.dll" (weak)
    depends on "kotek.core.containers.unordered_set" (weak)
    depends on "kotek.core.casting.string" (weak)
  "kotek.core.memory.cpu" of type SHARED_LIBRARY
    depends on "kotek.core.main_manager" (weak)
    depends on "kotek.core.engine_config" (weak)
    depends on "kotek.core.api" (weak)
    depends on "kotek.core.enum" (weak)
    depends on "kotek.core.enum.core" (weak)
    depends on "kotek.core.containers.string" (weak)
    depends on "kotek.core.types.string" (weak)
    depends on "kotek.core.casting.lexical" (weak)
    depends on "kotek.core.casting.string" (weak)
    depends on "kotek.core.log" (weak)
    depends on "kotek.core.defines_dependent.assert" (weak)
    depends on "kotek.core.defines_dependent.message" (weak)
    depends on "kotek.core.format" (weak)
    depends on "kotek.core.containers.filesystem.path" (weak)
    depends on "kotek.core.os" (weak)
    depends on "kotek.core.os.win32" (weak)
    depends on "kotek.core.enum.render" (weak)
    depends on "kotek.core.enum.render.gl" (weak)
    depends on "kotek.core.enum.render.bgfx" (weak)
    depends on "kotek.core.ecs" (weak)
    depends on "kotek.core.containers.vector" (weak)
    depends on "kotek.core.containers.unordered_map" (weak)
    depends on "kotek.core.defines_dependent.ecs" (weak)
    depends on "kotek.core.containers.dll" (weak)
    depends on "kotek.core.containers.unordered_set" (weak)
  "kotek.core.os" of type SHARED_LIBRARY
    depends on "kotek.core.os.win32" (weak)
    depends on "kotek.core.main_manager" (weak)
    depends on "kotek.core.engine_config" (weak)
    depends on "kotek.core.api" (weak)
    depends on "kotek.core.enum" (weak)
    depends on "kotek.core.enum.core" (weak)
    depends on "kotek.core.containers.string" (weak)
    depends on "kotek.core.types.string" (weak)
    depends on "kotek.core.memory.cpu" (weak)
    depends on "kotek.core.casting.lexical" (weak)
    depends on "kotek.core.casting.string" (weak)
    depends on "kotek.core.log" (weak)
    depends on "kotek.core.defines_dependent.assert" (weak)
    depends on "kotek.core.defines_dependent.message" (weak)
    depends on "kotek.core.format" (weak)
    depends on "kotek.core.containers.filesystem.path" (weak)
    depends on "kotek.core.enum.render" (weak)
    depends on "kotek.core.enum.render.gl" (weak)
    depends on "kotek.core.enum.render.bgfx" (weak)
    depends on "kotek.core.ecs" (weak)
    depends on "kotek.core.containers.vector" (weak)
    depends on "kotek.core.containers.unordered_map" (weak)
    depends on "kotek.core.defines_dependent.ecs" (weak)
    depends on "kotek.core.containers.dll" (weak)
    depends on "kotek.core.containers.unordered_set" (weak)
  "kotek.core.os.win32" of type SHARED_LIBRARY
    depends on "kotek.core.main_manager" (weak)
    depends on "kotek.core.engine_config" (weak)
    depends on "kotek.core.api" (weak)
    depends on "kotek.core.enum" (weak)
    depends on "kotek.core.enum.core" (weak)
    depends on "kotek.core.containers.string" (weak)
    depends on "kotek.core.types.string" (weak)
    depends on "kotek.core.memory.cpu" (weak)
    depends on "kotek.core.casting.lexical" (weak)
    depends on "kotek.core.casting.string" (weak)
    depends on "kotek.core.log" (weak)
    depends on "kotek.core.defines_dependent.assert" (weak)
    depends on "kotek.core.defines_dependent.message" (weak)
    depends on "kotek.core.format" (weak)
    depends on "kotek.core.containers.filesystem.path" (weak)
    depends on "kotek.core.os" (weak)
    depends on "kotek.core.enum.render" (weak)
    depends on "kotek.core.enum.render.gl" (weak)
    depends on "kotek.core.enum.render.bgfx" (weak)
    depends on "kotek.core.ecs" (weak)
    depends on "kotek.core.containers.vector" (weak)
    depends on "kotek.core.containers.unordered_map" (weak)
    depends on "kotek.core.defines_dependent.ecs" (weak)
    depends on "kotek.core.containers.dll" (weak)
    depends on "kotek.core.containers.unordered_set" (weak)
  "kotek.core.log" of type SHARED_LIBRARY
    depends on "kotek.core.api" (weak)
    depends on "kotek.core.enum" (weak)
    depends on "kotek.core.enum.core" (weak)
    depends on "kotek.core.containers.string" (weak)
    depends on "kotek.core.types.string" (weak)
    depends on "kotek.core.memory.cpu" (weak)
    depends on "kotek.core.main_manager" (weak)
    depends on "kotek.core.engine_config" (weak)
    depends on "kotek.core.defines_dependent.assert" (weak)
    depends on "kotek.core.defines_dependent.message" (weak)
    depends on "kotek.core.format" (weak)
    depends on "kotek.core.containers.filesystem.path" (weak)
    depends on "kotek.core.os" (weak)
    depends on "kotek.core.os.win32" (weak)
    depends on "kotek.core.casting.lexical" (weak)
    depends on "kotek.core.containers.dll" (weak)
    depends on "kotek.core.containers.unordered_set" (weak)
    depends on "kotek.core.casting.string" (weak)
    depends on "kotek.core.enum.render" (weak)
    depends on "kotek.core.enum.render.gl" (weak)
    depends on "kotek.core.enum.render.bgfx" (weak)
    depends on "kotek.core.ecs" (weak)
    depends on "kotek.core.containers.vector" (weak)
    depends on "kotek.core.containers.unordered_map" (weak)
    depends on "kotek.core.defines_dependent.ecs" (weak)
  "kotek.core.engine_config" of type SHARED_LIBRARY
    depends on "kotek.core.api" (weak)
    depends on "kotek.core.enum" (weak)
    depends on "kotek.core.enum.core" (weak)
    depends on "kotek.core.containers.string" (weak)
    depends on "kotek.core.types.string" (weak)
    depends on "kotek.core.memory.cpu" (weak)
    depends on "kotek.core.main_manager" (weak)
    depends on "kotek.core.casting.lexical" (weak)
    depends on "kotek.core.casting.string" (weak)
    depends on "kotek.core.log" (weak)
    depends on "kotek.core.defines_dependent.assert" (weak)
    depends on "kotek.core.defines_dependent.message" (weak)
    depends on "kotek.core.format" (weak)
    depends on "kotek.core.containers.filesystem.path" (weak)
    depends on "kotek.core.os" (weak)
    depends on "kotek.core.os.win32" (weak)
    depends on "kotek.core.enum.render" (weak)
    depends on "kotek.core.enum.render.gl" (weak)
    depends on "kotek.core.enum.render.bgfx" (weak)
    depends on "kotek.core.ecs" (weak)
    depends on "kotek.core.containers.vector" (weak)
    depends on "kotek.core.containers.unordered_map" (weak)
    depends on "kotek.core.defines_dependent.ecs" (weak)
    depends on "kotek.core.containers.dll" (weak)
    depends on "kotek.core.containers.unordered_set" (weak)
  "kotek.core.main_manager" of type SHARED_LIBRARY
    depends on "kotek.core.engine_config" (weak)
    depends on "kotek.core.api" (weak)
    depends on "kotek.core.enum" (weak)
    depends on "kotek.core.enum.core" (weak)
    depends on "kotek.core.containers.string" (weak)
    depends on "kotek.core.types.string" (weak)
    depends on "kotek.core.memory.cpu" (weak)
    depends on "kotek.core.casting.lexical" (weak)
    depends on "kotek.core.casting.string" (weak)
    depends on "kotek.core.log" (weak)
    depends on "kotek.core.defines_dependent.assert" (weak)
    depends on "kotek.core.defines_dependent.message" (weak)
    depends on "kotek.core.format" (weak)
    depends on "kotek.core.containers.filesystem.path" (weak)
    depends on "kotek.core.os" (weak)
    depends on "kotek.core.os.win32" (weak)
    depends on "kotek.core.enum.render" (weak)
    depends on "kotek.core.enum.render.gl" (weak)
    depends on "kotek.core.enum.render.bgfx" (weak)
    depends on "kotek.core.ecs" (weak)
    depends on "kotek.core.containers.vector" (weak)
    depends on "kotek.core.containers.unordered_map" (weak)
    depends on "kotek.core.defines_dependent.ecs" (weak)
    depends on "kotek.core.containers.dll" (weak)
    depends on "kotek.core.containers.unordered_set" (weak)
  "kotek.core.ecs" of type SHARED_LIBRARY
    depends on "kotek.core.api" (weak)
    depends on "kotek.core.enum" (weak)
    depends on "kotek.core.enum.core" (weak)
    depends on "kotek.core.containers.string" (weak)
    depends on "kotek.core.types.string" (weak)
    depends on "kotek.core.memory.cpu" (weak)
    depends on "kotek.core.main_manager" (weak)
    depends on "kotek.core.engine_config" (weak)
    depends on "kotek.core.defines_dependent.assert" (weak)
    depends on "kotek.core.defines_dependent.message" (weak)
    depends on "kotek.core.log" (weak)
    depends on "kotek.core.format" (weak)
    depends on "kotek.core.containers.filesystem.path" (weak)
    depends on "kotek.core.os" (weak)
    depends on "kotek.core.os.win32" (weak)
    depends on "kotek.core.casting.lexical" (weak)
    depends on "kotek.core.containers.dll" (weak)
    depends on "kotek.core.containers.unordered_set" (weak)
    depends on "kotek.core.casting.string" (weak)
    depends on "kotek.core.enum.render" (weak)
    depends on "kotek.core.enum.render.gl" (weak)
    depends on "kotek.core.enum.render.bgfx" (weak)
    depends on "kotek.core.containers.vector" (weak)
    depends on "kotek.core.containers.unordered_map" (weak)
    depends on "kotek.core.defines_dependent.ecs" (weak)
  "kotek.core.enum" of type SHARED_LIBRARY
    depends on "kotek.core.enum.core" (weak)
    depends on "kotek.core.containers.string" (weak)
    depends on "kotek.core.types.string" (weak)
    depends on "kotek.core.memory.cpu" (weak)
    depends on "kotek.core.main_manager" (weak)
    depends on "kotek.core.engine_config" (weak)
    depends on "kotek.core.api" (weak)
    depends on "kotek.core.containers.filesystem.path" (weak)
    depends on "kotek.core.os" (weak)
    depends on "kotek.core.os.win32" (weak)
    depends on "kotek.core.casting.lexical" (weak)
    depends on "kotek.core.ecs" (weak)
    depends on "kotek.core.containers.vector" (weak)
    depends on "kotek.core.defines_dependent.assert" (weak)
    depends on "kotek.core.defines_dependent.message" (weak)
    depends on "kotek.core.log" (weak)
    depends on "kotek.core.format" (weak)
    depends on "kotek.core.containers.unordered_map" (weak)
    depends on "kotek.core.defines_dependent.ecs" (weak)
    depends on "kotek.core.containers.dll" (weak)
    depends on "kotek.core.containers.unordered_set" (weak)
    depends on "kotek.core.casting.string" (weak)
    depends on "kotek.core.enum.render" (weak)
    depends on "kotek.core.enum.render.gl" (weak)
    depends on "kotek.core.enum.render.bgfx" (weak)
  "kotek.core.enum.core" of type SHARED_LIBRARY
    depends on "kotek.core.containers.string" (weak)
    depends on "kotek.core.types.string" (weak)
    depends on "kotek.core.memory.cpu" (weak)
    depends on "kotek.core.main_manager" (weak)
    depends on "kotek.core.engine_config" (weak)
    depends on "kotek.core.api" (weak)
    depends on "kotek.core.enum" (weak)
    depends on "kotek.core.enum.render" (weak)
    depends on "kotek.core.enum.render.gl" (weak)
    depends on "kotek.core.enum.render.bgfx" (weak)
    depends on "kotek.core.containers.filesystem.path" (weak)
    depends on "kotek.core.os" (weak)
    depends on "kotek.core.os.win32" (weak)
    depends on "kotek.core.casting.lexical" (weak)
    depends on "kotek.core.ecs" (weak)
    depends on "kotek.core.containers.vector" (weak)
    depends on "kotek.core.defines_dependent.assert" (weak)
    depends on "kotek.core.defines_dependent.message" (weak)
    depends on "kotek.core.log" (weak)
    depends on "kotek.core.format" (weak)
    depends on "kotek.core.containers.unordered_map" (weak)
    depends on "kotek.core.defines_dependent.ecs" (weak)
    depends on "kotek.core.containers.dll" (weak)
    depends on "kotek.core.containers.unordered_set" (weak)
    depends on "kotek.core.casting.string" (weak)
  "kotek.core.enum.render" of type SHARED_LIBRARY
    depends on "kotek.core.enum.render.gl" (weak)
    depends on "kotek.core.containers.string" (weak)
    depends on "kotek.core.types.string" (weak)
    depends on "kotek.core.memory.cpu" (weak)
    depends on "kotek.core.main_manager" (weak)
    depends on "kotek.core.engine_config" (weak)
    depends on "kotek.core.api" (weak)
    depends on "kotek.core.enum" (weak)
    depends on "kotek.core.enum.core" (weak)
    depends on "kotek.core.containers.filesystem.path" (weak)
    depends on "kotek.core.os" (weak)
    depends on "kotek.core.os.win32" (weak)
    depends on "kotek.core.casting.lexical" (weak)
    depends on "kotek.core.ecs" (weak)
    depends on "kotek.core.containers.vector" (weak)
    depends on "kotek.core.defines_dependent.assert" (weak)
    depends on "kotek.core.defines_dependent.message" (weak)
    depends on "kotek.core.log" (weak)
    depends on "kotek.core.format" (weak)
    depends on "kotek.core.containers.unordered_map" (weak)
    depends on "kotek.core.defines_dependent.ecs" (weak)
    depends on "kotek.core.containers.dll" (weak)
    depends on "kotek.core.containers.unordered_set" (weak)
    depends on "kotek.core.casting.string" (weak)
    depends on "kotek.core.enum.render.bgfx" (weak)
  "kotek.core.enum.render.gl" of type SHARED_LIBRARY
    depends on "kotek.core.containers.string" (weak)
    depends on "kotek.core.types.string" (weak)
    depends on "kotek.core.memory.cpu" (weak)
    depends on "kotek.core.main_manager" (weak)
    depends on "kotek.core.engine_config" (weak)
    depends on "kotek.core.api" (weak)
    depends on "kotek.core.enum" (weak)
    depends on "kotek.core.enum.core" (weak)
    depends on "kotek.core.enum.render" (weak)
    depends on "kotek.core.enum.render.bgfx" (weak)
    depends on "kotek.core.containers.filesystem.path" (weak)
    depends on "kotek.core.os" (weak)
    depends on "kotek.core.os.win32" (weak)
    depends on "kotek.core.casting.lexical" (weak)
    depends on "kotek.core.ecs" (weak)
    depends on "kotek.core.containers.vector" (weak)
    depends on "kotek.core.defines_dependent.assert" (weak)
    depends on "kotek.core.defines_dependent.message" (weak)
    depends on "kotek.core.log" (weak)
    depends on "kotek.core.format" (weak)
    depends on "kotek.core.containers.unordered_map" (weak)
    depends on "kotek.core.defines_dependent.ecs" (weak)
    depends on "kotek.core.containers.dll" (weak)
    depends on "kotek.core.containers.unordered_set" (weak)
    depends on "kotek.core.casting.string" (weak)
  "kotek.core.enum.render.bgfx" of type SHARED_LIBRARY
    depends on "kotek.core.containers.string" (weak)
    depends on "kotek.core.types.string" (weak)
    depends on "kotek.core.memory.cpu" (weak)
    depends on "kotek.core.main_manager" (weak)
    depends on "kotek.core.engine_config" (weak)
    depends on "kotek.core.api" (weak)
    depends on "kotek.core.enum" (weak)
    depends on "kotek.core.enum.core" (weak)
    depends on "kotek.core.enum.render" (weak)
    depends on "kotek.core.enum.render.gl" (weak)
    depends on "kotek.core.containers.filesystem.path" (weak)
    depends on "kotek.core.os" (weak)
    depends on "kotek.core.os.win32" (weak)
    depends on "kotek.core.casting.lexical" (weak)
    depends on "kotek.core.ecs" (weak)
    depends on "kotek.core.containers.vector" (weak)
    depends on "kotek.core.defines_dependent.assert" (weak)
    depends on "kotek.core.defines_dependent.message" (weak)
    depends on "kotek.core.log" (weak)
    depends on "kotek.core.format" (weak)
    depends on "kotek.core.containers.unordered_map" (weak)
    depends on "kotek.core.defines_dependent.ecs" (weak)
    depends on "kotek.core.containers.dll" (weak)
    depends on "kotek.core.containers.unordered_set" (weak)
    depends on "kotek.core.casting.string" (weak)
At least one of these targets is not a STATIC_LIBRARY.  Cyclic dependencies are allowed only among static libraries.
CMake Generate step failed.  Build files cannot be regenerated correctly.
